#
# There is insufficient memory for the Java Runtime Environment to continue.
# Native memory allocation (mmap) failed to map 227540992 bytes for committing reserved memory.
# Possible reasons:
#   The system is out of physical RAM or swap space
#   In 32 bit mode, the process size limit was hit
# Possible solutions:
#   Reduce memory load on the system
#   Increase physical memory or swap space
#   Check if swap backing store is full
#   Use 64 bit Java on a 64 bit OS
#   Decrease Java heap size (-Xmx/-Xms)
#   Decrease number of Java threads
#   Decrease Java thread stack sizes (-Xss)
#   Set larger code cache with -XX:ReservedCodeCacheSize=
# This output file may be truncated or incomplete.
#
#  Out of Memory Error (os_linux.cpp:2630), pid=14985, tid=0x00007f4dc46d5700
#
# JRE version: OpenJDK Runtime Environment (8.0_121-b13) (build 1.8.0_121-8u121-b13-0ubuntu1.16.04.2-b13)
# Java VM: OpenJDK 64-Bit Server VM (25.121-b13 mixed mode linux-amd64 compressed oops)
# Failed to write core dump. Core dumps have been disabled. To enable core dumping, try "ulimit -c unlimited" before starting Java again
#

---------------  T H R E A D  ---------------

Current thread (0x00007f4dd4077800):  VMThread [stack: 0x00007f4dc45d5000,0x00007f4dc46d6000] [id=14993]

Stack: [0x00007f4dc45d5000,0x00007f4dc46d6000],  sp=0x00007f4dc46d4480,  free space=1021k
Native frames: (J=compiled Java code, j=interpreted, Vv=VM code, C=native code)
V  [libjvm.so+0xa6647b]
V  [libjvm.so+0x4c32dc]
V  [libjvm.so+0x8b4b60]
V  [libjvm.so+0x8aefde]
V  [libjvm.so+0x929a16]
V  [libjvm.so+0x91907a]
V  [libjvm.so+0x919283]
V  [libjvm.so+0x919be8]
V  [libjvm.so+0x91feae]
V  [libjvm.so+0x92787d]
V  [libjvm.so+0x8d9553]
V  [libjvm.so+0xa68132]
V  [libjvm.so+0xa6d217]
V  [libjvm.so+0xa6a9e7]
V  [libjvm.so+0xa6be6f]
V  [libjvm.so+0xa6c361]
V  [libjvm.so+0x8b2042]

VM_Operation (0x00007f4d5b9dc000): ParallelGCFailedAllocation, mode: safepoint, requested by thread 0x00007f4d640b5800


---------------  P R O C E S S  ---------------

Java Threads: ( => current thread )
  0x00007f4d640b8000 JavaThread "pool-8-thread-4" [_thread_blocked, id=15075, stack(0x00007f4d5b4d9000,0x00007f4d5b5da000)]
  0x00007f4d640b7000 JavaThread "pool-8-thread-3" [_thread_blocked, id=15074, stack(0x00007f4d5b6db000,0x00007f4d5b7dc000)]
  0x00007f4d640b5800 JavaThread "pool-8-thread-2" [_thread_blocked, id=15073, stack(0x00007f4d5b8dd000,0x00007f4d5b9de000)]
  0x00007f4d640b4800 JavaThread "pool-9-thread-1" [_thread_blocked, id=15072, stack(0x00007f4d5b7dc000,0x00007f4d5b8dd000)]
  0x00007f4d64057000 JavaThread "pool-8-thread-1" [_thread_blocked, id=15071, stack(0x00007f4d5b5da000,0x00007f4d5b6db000)]
  0x00007f4d6c283800 JavaThread "pool-6-thread-1" [_thread_blocked, id=15070, stack(0x00007f4d8f169000,0x00007f4d8f26a000)]
  0x00007f4d6d0ca000 JavaThread "pool-4-thread-2" [_thread_blocked, id=15037, stack(0x00007f4d8c0f5000,0x00007f4d8c1f6000)]
  0x00007f4d6d0c9000 JavaThread "pool-4-thread-1" [_thread_blocked, id=15036, stack(0x00007f4d8c84b000,0x00007f4d8c94c000)]
  0x00007f4d6cc4d800 JavaThread "File lock request listener" [_thread_in_native, id=15016, stack(0x00007f4d8e7b5000,0x00007f4d8e8b6000)]
  0x00007f4d6cb5a800 JavaThread "process reaper" daemon [_thread_blocked, id=15015, stack(0x00007f4d8e8b6000,0x00007f4d8e8ef000)]
  0x00007f4d6c008000 JavaThread "Asynchronous log dispatcher for org.gradle.launcher.daemon.server.DefaultDaemonConnection@2f7a4baf" [_thread_blocked, id=15010, stack(0x00007f4d8f26a000,0x00007f4d8f36b000)]
  0x00007f4d8000f000 JavaThread "Daemon worker" [_thread_blocked, id=15007, stack(0x00007f4d8f36b000,0x00007f4d8f46c000)]
  0x00007f4d8000b800 JavaThread "Cancel handler" [_thread_blocked, id=15006, stack(0x00007f4d8f46c000,0x00007f4d8f56d000)]
  0x00007f4d80005800 JavaThread "Handler for socket connection from /127.0.0.1:38027 to /127.0.0.1:49354" [_thread_in_native, id=15005, stack(0x00007f4d8f56d000,0x00007f4d8f66e000)]
  0x00007f4d8400b000 JavaThread "Daemon" [_thread_blocked, id=15004, stack(0x00007f4d8f66e000,0x00007f4d8f76f000)]
  0x00007f4dd4336000 JavaThread "pool-1-thread-1" [_thread_blocked, id=15003, stack(0x00007f4d8f76f000,0x00007f4d8f870000)]
  0x00007f4dd4b6e000 JavaThread "Incoming local TCP Connector on port 38027" [_thread_in_native, id=15002, stack(0x00007f4d8fa77000,0x00007f4d8fb78000)]
  0x00007f4dd40c2800 JavaThread "Service Thread" daemon [_thread_blocked, id=15000, stack(0x00007f4dbcafb000,0x00007f4dbcbfc000)]
  0x00007f4dd40b3000 JavaThread "C1 CompilerThread2" daemon [_thread_blocked, id=14999, stack(0x00007f4dbcbfc000,0x00007f4dbccfd000)]
  0x00007f4dd40b1800 JavaThread "C2 CompilerThread1" daemon [_thread_blocked, id=14998, stack(0x00007f4dbccfd000,0x00007f4dbcdfe000)]
  0x00007f4dd40ae800 JavaThread "C2 CompilerThread0" daemon [_thread_blocked, id=14997, stack(0x00007f4dbcdfe000,0x00007f4dbceff000)]
  0x00007f4dd40ac800 JavaThread "Signal Dispatcher" daemon [_thread_blocked, id=14996, stack(0x00007f4dbceff000,0x00007f4dbd000000)]
  0x00007f4dd4083800 JavaThread "Finalizer" daemon [_thread_blocked, id=14995, stack(0x00007f4dc43d3000,0x00007f4dc44d4000)]
  0x00007f4dd407f000 JavaThread "Reference Handler" daemon [_thread_blocked, id=14994, stack(0x00007f4dc44d4000,0x00007f4dc45d5000)]
  0x00007f4dd400a000 JavaThread "main" [_thread_blocked, id=14988, stack(0x00007f4ddd642000,0x00007f4ddd743000)]

Other Threads:
=>0x00007f4dd4077800 VMThread [stack: 0x00007f4dc45d5000,0x00007f4dc46d6000] [id=14993]
  0x00007f4dd40c5000 WatcherThread [stack: 0x00007f4dbc9fa000,0x00007f4dbcafb000] [id=15001]

VM state:at safepoint (normal execution)

VM Mutex/Monitor currently owned by a thread:  ([mutex/lock_event])
[0x00007f4dd4005e60] ExpandHeap_lock - owner thread: 0x00007f4dd4077800
[0x00007f4dd40064e0] Threads_lock - owner thread: 0x00007f4dd4077800
[0x00007f4dd40069e0] Heap_lock - owner thread: 0x00007f4d640b5800

Heap:
 PSYoungGen      total 350720K, used 0K [0x00000000e0000000, 0x0000000100000000, 0x0000000100000000)
  eden space 252928K, 0% used [0x00000000e0000000,0x00000000e0000000,0x00000000ef700000)
  from space 97792K, 0% used [0x00000000ef700000,0x00000000ef700000,0x00000000f5680000)
  to   space 142848K, 0% used [0x00000000f7480000,0x00000000f7480000,0x0000000100000000)
 ParOldGen       total 826368K, used 776809K [0x00000000a0000000, 0x00000000d2700000, 0x00000000e0000000)
  object space 826368K, 94% used [0x00000000a0000000,0x00000000cf69a670,0x00000000d2700000)
 Metaspace       used 67855K, capacity 69400K, committed 69888K, reserved 1110016K
  class space    used 8693K, capacity 9086K, committed 9216K, reserved 1048576K

Card table byte_map: [0x00007f4dd9a07000,0x00007f4dd9d08000] byte_map_base: 0x00007f4dd9507000

Marking Bits: (ParMarkBitMap*) 0x00007f4ddc918220
 Begin Bits: [0x00007f4dbd000000, 0x00007f4dbe800000)
 End Bits:   [0x00007f4dbe800000, 0x00007f4dc0000000)

Polling page: 0x00007f4ddd76a000

CodeCache: size=245760Kb used=43784Kb max_used=43789Kb free=201975Kb
 bounds [0x00007f4dc5000000, 0x00007f4dc7b00000, 0x00007f4dd4000000]
 total_blobs=12714 nmethods=11938 adapters=688
 compilation: enabled

Compilation events (10 events):
Event: 97.773 Thread 0x00007f4dd40b3000 15787       3       com.android.dx.ssa.back.LivenessAnalyzer::liveOutAtBlock (68 bytes)
Event: 97.775 Thread 0x00007f4dd40b3000 nmethod 15787 0x00007f4dc7af8b10 code [0x00007f4dc7af8d20, 0x00007f4dc7af9a48]
Event: 97.775 Thread 0x00007f4dd40b3000 15788       3       com.android.dx.ssa.SsaBasicBlock::addLiveOut (32 bytes)
Event: 97.776 Thread 0x00007f4dd40b3000 nmethod 15788 0x00007f4dc7afa110 code [0x00007f4dc7afa2e0, 0x00007f4dc7afab88]
Event: 97.805 Thread 0x00007f4dd40b1800 nmethod 15777 0x00007f4dc7afce10 code [0x00007f4dc7afd1e0, 0x00007f4dc7afe1e8]
Event: 97.805 Thread 0x00007f4dd40b1800 15791       4       com.android.dx.ssa.back.LivenessAnalyzer::handleTailRecursion (94 bytes)
Event: 97.963 Thread 0x00007f4dd40b3000 15800       2       com.android.dx.rop.code.Rops::opAnd (21 bytes)
Event: 97.964 Thread 0x00007f4dd40b3000 nmethod 15800 0x00007f4dc7af47d0 code [0x00007f4dc7af4940, 0x00007f4dc7af4ae8]
Event: 98.030 Thread 0x00007f4dd40b3000 15801       2       com.android.dx.rop.code.Rops::opOr (21 bytes)
Event: 98.031 Thread 0x00007f4dd40b3000 nmethod 15801 0x00007f4dc7aad550 code [0x00007f4dc7aad6c0, 0x00007f4dc7aad868]

GC Heap History (10 events):
Event: 93.777 GC heap after
Heap after GC invocations=61 (full 7):
 PSYoungGen      total 394752K, used 43950K [0x00000000e0000000, 0x00000000fee80000, 0x0000000100000000)
  eden space 306688K, 0% used [0x00000000e0000000,0x00000000e0000000,0x00000000f2b80000)
  from space 88064K, 49% used [0x00000000f9880000,0x00000000fc36b868,0x00000000fee80000)
  to   space 99840K, 0% used [0x00000000f2b80000,0x00000000f2b80000,0x00000000f8d00000)
 ParOldGen       total 589312K, used 535197K [0x00000000a0000000, 0x00000000c3f80000, 0x00000000e0000000)
  object space 589312K, 90% used [0x00000000a0000000,0x00000000c0aa76c8,0x00000000c3f80000)
 Metaspace       used 67852K, capacity 69400K, committed 69888K, reserved 1110016K
  class space    used 8693K, capacity 9086K, committed 9216K, reserved 1048576K
}
Event: 93.777 GC heap before
{Heap before GC invocations=62 (full 8):
 PSYoungGen      total 394752K, used 43950K [0x00000000e0000000, 0x00000000fee80000, 0x0000000100000000)
  eden space 306688K, 0% used [0x00000000e0000000,0x00000000e0000000,0x00000000f2b80000)
  from space 88064K, 49% used [0x00000000f9880000,0x00000000fc36b868,0x00000000fee80000)
  to   space 99840K, 0% used [0x00000000f2b80000,0x00000000f2b80000,0x00000000f8d00000)
 ParOldGen       total 589312K, used 535197K [0x00000000a0000000, 0x00000000c3f80000, 0x00000000e0000000)
  object space 589312K, 90% used [0x00000000a0000000,0x00000000c0aa76c8,0x00000000c3f80000)
 Metaspace       used 67852K, capacity 69400K, committed 69888K, reserved 1110016K
  class space    used 8693K, capacity 9086K, committed 9216K, reserved 1048576K
Event: 95.553 GC heap after
Heap after GC invocations=62 (full 8):
 PSYoungGen      total 394752K, used 0K [0x00000000e0000000, 0x00000000fee80000, 0x0000000100000000)
  eden space 306688K, 0% used [0x00000000e0000000,0x00000000e0000000,0x00000000f2b80000)
  from space 88064K, 0% used [0x00000000f9880000,0x00000000f9880000,0x00000000fee80000)
  to   space 99840K, 0% used [0x00000000f2b80000,0x00000000f2b80000,0x00000000f8d00000)
 ParOldGen       total 826368K, used 573873K [0x00000000a0000000, 0x00000000d2700000, 0x00000000e0000000)
  object space 826368K, 69% used [0x00000000a0000000,0x00000000c306c7a8,0x00000000d2700000)
 Metaspace       used 67852K, capacity 69400K, committed 69888K, reserved 1110016K
  class space    used 8693K, capacity 9086K, committed 9216K, reserved 1048576K
}
Event: 96.211 GC heap before
{Heap before GC invocations=63 (full 8):
 PSYoungGen      total 394752K, used 306688K [0x00000000e0000000, 0x00000000fee80000, 0x0000000100000000)
  eden space 306688K, 100% used [0x00000000e0000000,0x00000000f2b80000,0x00000000f2b80000)
  from space 88064K, 0% used [0x00000000f9880000,0x00000000f9880000,0x00000000fee80000)
  to   space 99840K, 0% used [0x00000000f2b80000,0x00000000f2b80000,0x00000000f8d00000)
 ParOldGen       total 826368K, used 573873K [0x00000000a0000000, 0x00000000d2700000, 0x00000000e0000000)
  object space 826368K, 69% used [0x00000000a0000000,0x00000000c306c7a8,0x00000000d2700000)
 Metaspace       used 67852K, capacity 69400K, committed 69888K, reserved 1110016K
  class space    used 8693K, capacity 9086K, committed 9216K, reserved 1048576K
Event: 96.291 GC heap after
Heap after GC invocations=63 (full 8):
 PSYoungGen      total 406528K, used 53767K [0x00000000e0000000, 0x0000000100000000, 0x0000000100000000)
  eden space 306688K, 0% used [0x00000000e0000000,0x00000000e0000000,0x00000000f2b80000)
  from space 99840K, 53% used [0x00000000f2b80000,0x00000000f6001c68,0x00000000f8d00000)
  to   space 97792K, 0% used [0x00000000fa080000,0x00000000fa080000,0x0000000100000000)
 ParOldGen       total 826368K, used 573873K [0x00000000a0000000, 0x00000000d2700000, 0x00000000e0000000)
  object space 826368K, 69% used [0x00000000a0000000,0x00000000c306c7a8,0x00000000d2700000)
 Metaspace       used 67852K, capacity 69400K, committed 69888K, reserved 1110016K
  class space    used 8693K, capacity 9086K, committed 9216K, reserved 1048576K
}
Event: 97.386 GC heap before
{Heap before GC invocations=64 (full 8):
 PSYoungGen      total 406528K, used 360455K [0x00000000e0000000, 0x0000000100000000, 0x0000000100000000)
  eden space 306688K, 100% used [0x00000000e0000000,0x00000000f2b80000,0x00000000f2b80000)
  from space 99840K, 53% used [0x00000000f2b80000,0x00000000f6001c68,0x00000000f8d00000)
  to   space 97792K, 0% used [0x00000000fa080000,0x00000000fa080000,0x0000000100000000)
 ParOldGen       total 826368K, used 573873K [0x00000000a0000000, 0x00000000d2700000, 0x00000000e0000000)
  object space 826368K, 69% used [0x00000000a0000000,0x00000000c306c7a8,0x00000000d2700000)
 Metaspace       used 67854K, capacity 69400K, committed 69888K, reserved 1110016K
  class space    used 8693K, capacity 9086K, committed 9216K, reserved 1048576K
Event: 97.567 GC heap after
Heap after GC invocations=64 (full 8):
 PSYoungGen      total 350720K, used 97782K [0x00000000e0000000, 0x0000000100000000, 0x0000000100000000)
  eden space 252928K, 0% used [0x00000000e0000000,0x00000000e0000000,0x00000000ef700000)
  from space 97792K, 99% used [0x00000000fa080000,0x00000000ffffda60,0x0000000100000000)
  to   space 135680K, 0% used [0x00000000ef700000,0x00000000ef700000,0x00000000f7b80000)
 ParOldGen       total 826368K, used 637090K [0x00000000a0000000, 0x00000000d2700000, 0x00000000e0000000)
  object space 826368K, 77% used [0x00000000a0000000,0x00000000c6e28990,0x00000000d2700000)
 Metaspace       used 67854K, capacity 69400K, committed 69888K, reserved 1110016K
  class space    used 8693K, capacity 9086K, committed 9216K, reserved 1048576K
}
Event: 98.047 GC heap before
{Heap before GC invocations=65 (full 8):
 PSYoungGen      total 350720K, used 350710K [0x00000000e0000000, 0x0000000100000000, 0x0000000100000000)
  eden space 252928K, 100% used [0x00000000e0000000,0x00000000ef700000,0x00000000ef700000)
  from space 97792K, 99% used [0x00000000fa080000,0x00000000ffffda60,0x0000000100000000)
  to   space 135680K, 0% used [0x00000000ef700000,0x00000000ef700000,0x00000000f7b80000)
 ParOldGen       total 826368K, used 637090K [0x00000000a0000000, 0x00000000d2700000, 0x00000000e0000000)
  object space 826368K, 77% used [0x00000000a0000000,0x00000000c6e28990,0x00000000d2700000)
 Metaspace       used 67855K, capacity 69400K, committed 69888K, reserved 1110016K
  class space    used 8693K, capacity 9086K, committed 9216K, reserved 1048576K
Event: 98.242 GC heap after
Heap after GC invocations=65 (full 8):
 PSYoungGen      total 350720K, used 97406K [0x00000000e0000000, 0x0000000100000000, 0x0000000100000000)
  eden space 252928K, 0% used [0x00000000e0000000,0x00000000e0000000,0x00000000ef700000)
  from space 97792K, 99% used [0x00000000ef700000,0x00000000f561f848,0x00000000f5680000)
  to   space 142848K, 0% used [0x00000000f7480000,0x00000000f7480000,0x0000000100000000)
 ParOldGen       total 826368K, used 731910K [0x00000000a0000000, 0x00000000d2700000, 0x00000000e0000000)
  object space 826368K, 88% used [0x00000000a0000000,0x00000000ccac1b30,0x00000000d2700000)
 Metaspace       used 67855K, capacity 69400K, committed 69888K, reserved 1110016K
  class space    used 8693K, capacity 9086K, committed 9216K, reserved 1048576K
}
Event: 98.242 GC heap before
{Heap before GC invocations=66 (full 9):
 PSYoungGen      total 350720K, used 97406K [0x00000000e0000000, 0x0000000100000000, 0x0000000100000000)
  eden space 252928K, 0% used [0x00000000e0000000,0x00000000e0000000,0x00000000ef700000)
  from space 97792K, 99% used [0x00000000ef700000,0x00000000f561f848,0x00000000f5680000)
  to   space 142848K, 0% used [0x00000000f7480000,0x00000000f7480000,0x0000000100000000)
 ParOldGen       total 826368K, used 731910K [0x00000000a0000000, 0x00000000d2700000, 0x00000000e0000000)
  object space 826368K, 88% used [0x00000000a0000000,0x00000000ccac1b30,0x00000000d2700000)
 Metaspace       used 67855K, capacity 69400K, committed 69888K, reserved 1110016K
  class space    used 8693K, capacity 9086K, committed 9216K, reserved 1048576K

Deoptimization events (10 events):
Event: 97.768 Thread 0x00007f4d640b7000 Uncommon trap: reason=unstable_if action=reinterpret pc=0x00007f4dc6aaa5dc method=com.android.dx.ssa.SetFactory.makeLivenessSet(I)Lcom/android/dx/util/IntSet; @ 4
Event: 97.837 Thread 0x00007f4d640b7000 Uncommon trap: reason=class_check action=maybe_recompile pc=0x00007f4dc74e5528 method=com.android.dx.ssa.back.InterferenceGraph.mergeInterferenceSet(ILcom/android/dx/util/IntSet;)V @ 20
Event: 97.837 Thread 0x00007f4d640b7000 Uncommon trap: reason=class_check action=maybe_recompile pc=0x00007f4dc6cb400c method=com.android.dx.util.BitIntSet.merge(Lcom/android/dx/util/IntSet;)V @ 1
Event: 97.838 Thread 0x00007f4d640b7000 Uncommon trap: reason=class_check action=maybe_recompile pc=0x00007f4dc74e5528 method=com.android.dx.ssa.back.InterferenceGraph.mergeInterferenceSet(ILcom/android/dx/util/IntSet;)V @ 20
Event: 97.838 Thread 0x00007f4d640b7000 Uncommon trap: reason=class_check action=maybe_recompile pc=0x00007f4dc6cb400c method=com.android.dx.util.BitIntSet.merge(Lcom/android/dx/util/IntSet;)V @ 1
Event: 97.838 Thread 0x00007f4d640b7000 Uncommon trap: reason=class_check action=maybe_recompile pc=0x00007f4dc74e5528 method=com.android.dx.ssa.back.InterferenceGraph.mergeInterferenceSet(ILcom/android/dx/util/IntSet;)V @ 20
Event: 97.838 Thread 0x00007f4d640b7000 Uncommon trap: reason=class_check action=maybe_recompile pc=0x00007f4dc6cb400c method=com.android.dx.util.BitIntSet.merge(Lcom/android/dx/util/IntSet;)V @ 1
Event: 97.842 Thread 0x00007f4d640b7000 Uncommon trap: reason=class_check action=maybe_recompile pc=0x00007f4dc74e5528 method=com.android.dx.ssa.back.InterferenceGraph.mergeInterferenceSet(ILcom/android/dx/util/IntSet;)V @ 20
Event: 97.842 Thread 0x00007f4d640b7000 Uncommon trap: reason=class_check action=maybe_recompile pc=0x00007f4dc6cb400c method=com.android.dx.util.BitIntSet.merge(Lcom/android/dx/util/IntSet;)V @ 1
Event: 97.888 Thread 0x00007f4d640b8000 Uncommon trap: reason=predicate action=maybe_recompile pc=0x00007f4dc6c94160 method=com.android.dx.ssa.back.InterferenceGraph.<init>(I)V @ 23

Internal exceptions (10 events):
Event: 40.701 Thread 0x00007f4d8000f000 Implicit null exception at 0x00007f4dc5e035bb to 0x00007f4dc5e03699
Event: 41.060 Thread 0x00007f4d8000f000 Implicit null exception at 0x00007f4dc5cfdef3 to 0x00007f4dc5cfdf93
Event: 41.497 Thread 0x00007f4d8000f000 Implicit null exception at 0x00007f4dc68fa877 to 0x00007f4dc68faea1
Event: 59.559 Thread 0x00007f4d8000f000 Implicit null exception at 0x00007f4dc6acfcb2 to 0x00007f4dc6ad0125
Event: 59.589 Thread 0x00007f4d8000f000 Implicit null exception at 0x00007f4dc582077e to 0x00007f4dc5820ee9
Event: 60.220 Thread 0x00007f4d8000f000 Implicit null exception at 0x00007f4dc6521f6e to 0x00007f4dc6522d51
Event: 66.219 Thread 0x00007f4d8000f000 Exception <a 'java/lang/NoSuchMethodError': <clinit>> (0x00000000e5dbbda8) thrown at [/build/openjdk-8-YiEakL/openjdk-8-8u121-b13/src/hotspot/src/share/vm/prims/jni.cpp, line 1613]
Event: 71.773 Thread 0x00007f4d8000f000 Implicit null exception at 0x00007f4dc7209d8c to 0x00007f4dc7209f51
Event: 77.978 Thread 0x00007f4d640b5800 Implicit null exception at 0x00007f4dc7157425 to 0x00007f4dc7157eb9
Event: 96.445 Thread 0x00007f4d640b5800 Implicit null exception at 0x00007f4dc7651cfc to 0x00007f4dc7652649

Events (10 events):
Event: 97.842 Thread 0x00007f4d640b7000 Uncommon trap: trap_request=0xffffffde fr.pc=0x00007f4dc74e5528
Event: 97.842 Thread 0x00007f4d640b7000 DEOPT PACKING pc=0x00007f4dc74e5528 sp=0x00007f4d5b7da040
Event: 97.842 Thread 0x00007f4d640b7000 DEOPT UNPACKING pc=0x00007f4dc5004f69 sp=0x00007f4d5b7d9fe0 mode 2
Event: 97.842 Thread 0x00007f4d640b7000 Uncommon trap: trap_request=0xffffffde fr.pc=0x00007f4dc6cb400c
Event: 97.842 Thread 0x00007f4d640b7000 DEOPT PACKING pc=0x00007f4dc6cb400c sp=0x00007f4d5b7d9f90
Event: 97.842 Thread 0x00007f4d640b7000 DEOPT UNPACKING pc=0x00007f4dc5004f69 sp=0x00007f4d5b7d9f60 mode 2
Event: 97.888 Thread 0x00007f4d640b8000 Uncommon trap: trap_request=0xffffff86 fr.pc=0x00007f4dc6c94160
Event: 97.888 Thread 0x00007f4d640b8000 DEOPT PACKING pc=0x00007f4dc6c94160 sp=0x00007f4d5b5d81c0
Event: 97.888 Thread 0x00007f4d640b8000 DEOPT UNPACKING pc=0x00007f4dc5004f69 sp=0x00007f4d5b5d81d8 mode 2
Event: 98.047 Executing VM operation: ParallelGCFailedAllocation


Dynamic libraries:
00400000-00401000 r-xp 00000000 08:05 669819                             /usr/lib/jvm/java-8-openjdk-amd64/jre/bin/java
00600000-00601000 r--p 00000000 08:05 669819                             /usr/lib/jvm/java-8-openjdk-amd64/jre/bin/java
00601000-00602000 rw-p 00001000 08:05 669819                             /usr/lib/jvm/java-8-openjdk-amd64/jre/bin/java
01e45000-01e66000 rw-p 00000000 00:00 0                                  [heap]
a0000000-d2700000 rw-p 00000000 00:00 0 
e0000000-100000000 rw-p 00000000 00:00 0 
100000000-100900000 rw-p 00000000 00:00 0 
100900000-140000000 ---p 00000000 00:00 0 
7f4d3c000000-7f4d3c03e000 rw-p 00000000 00:00 0 
7f4d3c03e000-7f4d40000000 ---p 00000000 00:00 0 
7f4d44000000-7f4d44035000 rw-p 00000000 00:00 0 
7f4d44035000-7f4d48000000 ---p 00000000 00:00 0 
7f4d48000000-7f4d48038000 rw-p 00000000 00:00 0 
7f4d48038000-7f4d4c000000 ---p 00000000 00:00 0 
7f4d4c000000-7f4d4c03e000 rw-p 00000000 00:00 0 
7f4d4c03e000-7f4d50000000 ---p 00000000 00:00 0 
7f4d50000000-7f4d50061000 rw-p 00000000 00:00 0 
7f4d50061000-7f4d54000000 ---p 00000000 00:00 0 
7f4d54000000-7f4d54021000 rw-p 00000000 00:00 0 
7f4d54021000-7f4d58000000 ---p 00000000 00:00 0 
7f4d5a87c000-7f4d5a9bc000 rw-p 00000000 00:00 0 
7f4d5a9bc000-7f4d5aa7c000 ---p 00000000 00:00 0 
7f4d5aa7c000-7f4d5abb0000 r--s 00cec000 08:03 9677                       /media/khaled/3A9C8EB39C8E68E9/FCI - Fourh Year/GP/FrontEnd/GPFrontEnd/app/build/intermediates/transforms/jarMerging/debug/jars/1/1f/combined.jar
7f4d5abb0000-7f4d5adb0000 rw-p 00000000 00:00 0 
7f4d5adb0000-7f4d5afb0000 rw-p 00000000 00:00 0 
7f4d5b0d9000-7f4d5b2d9000 rw-p 00000000 00:00 0 
7f4d5b2d9000-7f4d5b4d9000 rw-p 00000000 00:00 0 
7f4d5b4d9000-7f4d5b4dc000 ---p 00000000 00:00 0 
7f4d5b4dc000-7f4d5b5da000 rw-p 00000000 00:00 0 
7f4d5b5da000-7f4d5b5dd000 ---p 00000000 00:00 0 
7f4d5b5dd000-7f4d5b6db000 rw-p 00000000 00:00 0 
7f4d5b6db000-7f4d5b6de000 ---p 00000000 00:00 0 
7f4d5b6de000-7f4d5b7dc000 rw-p 00000000 00:00 0 
7f4d5b7dc000-7f4d5b7df000 ---p 00000000 00:00 0 
7f4d5b7df000-7f4d5b8dd000 rw-p 00000000 00:00 0 
7f4d5b8dd000-7f4d5b8e0000 ---p 00000000 00:00 0 
7f4d5b8e0000-7f4d5bbde000 rw-p 00000000 00:00 0 
7f4d5bbde000-7f4d5bbf5000 r-xp 00000000 08:05 1202455                    /lib/x86_64-linux-gnu/libresolv-2.23.so
7f4d5bbf5000-7f4d5bdf5000 ---p 00017000 08:05 1202455                    /lib/x86_64-linux-gnu/libresolv-2.23.so
7f4d5bdf5000-7f4d5bdf6000 r--p 00017000 08:05 1202455                    /lib/x86_64-linux-gnu/libresolv-2.23.so
7f4d5bdf6000-7f4d5bdf7000 rw-p 00018000 08:05 1202455                    /lib/x86_64-linux-gnu/libresolv-2.23.so
7f4d5bdf7000-7f4d5bdf9000 rw-p 00000000 00:00 0 
7f4d5bdf9000-7f4d5bdfe000 r-xp 00000000 08:05 1202452                    /lib/x86_64-linux-gnu/libnss_dns-2.23.so
7f4d5bdfe000-7f4d5bffe000 ---p 00005000 08:05 1202452                    /lib/x86_64-linux-gnu/libnss_dns-2.23.so
7f4d5bffe000-7f4d5bfff000 r--p 00005000 08:05 1202452                    /lib/x86_64-linux-gnu/libnss_dns-2.23.so
7f4d5bfff000-7f4d5c000000 rw-p 00006000 08:05 1202452                    /lib/x86_64-linux-gnu/libnss_dns-2.23.so
7f4d5c000000-7f4d5c021000 rw-p 00000000 00:00 0 
7f4d5c021000-7f4d60000000 ---p 00000000 00:00 0 
7f4d60000000-7f4d60362000 rw-p 00000000 00:00 0 
7f4d60362000-7f4d64000000 ---p 00000000 00:00 0 
7f4d64000000-7f4d6423f000 rw-p 00000000 00:00 0 
7f4d6423f000-7f4d68000000 ---p 00000000 00:00 0 
7f4d68000000-7f4d68021000 rw-p 00000000 00:00 0 
7f4d68021000-7f4d6c000000 ---p 00000000 00:00 0 
7f4d6c000000-7f4d6d641000 rw-p 00000000 00:00 0 
7f4d6d641000-7f4d70000000 ---p 00000000 00:00 0 
7f4d70000000-7f4d70021000 rw-p 00000000 00:00 0 
7f4d70021000-7f4d74000000 ---p 00000000 00:00 0 
7f4d74000000-7f4d74021000 rw-p 00000000 00:00 0 
7f4d74021000-7f4d78000000 ---p 00000000 00:00 0 
7f4d78000000-7f4d78021000 rw-p 00000000 00:00 0 
7f4d78021000-7f4d7c000000 ---p 00000000 00:00 0 
7f4d7c000000-7f4d7c021000 rw-p 00000000 00:00 0 
7f4d7c021000-7f4d80000000 ---p 00000000 00:00 0 
7f4d80000000-7f4d80021000 rw-p 00000000 00:00 0 
7f4d80021000-7f4d84000000 ---p 00000000 00:00 0 
7f4d84000000-7f4d84070000 rw-p 00000000 00:00 0 
7f4d84070000-7f4d88000000 ---p 00000000 00:00 0 
7f4d88000000-7f4d88021000 rw-p 00000000 00:00 0 
7f4d88021000-7f4d8c000000 ---p 00000000 00:00 0 
7f4d8c0f5000-7f4d8c0f8000 ---p 00000000 00:00 0 
7f4d8c0f8000-7f4d8c1f6000 rw-p 00000000 00:00 0 
7f4d8c1f6000-7f4d8c1f8000 r-xp 00000000 08:05 1182703                    /lib/x86_64-linux-gnu/libnss_mdns4_minimal.so.2
7f4d8c1f8000-7f4d8c3f7000 ---p 00002000 08:05 1182703                    /lib/x86_64-linux-gnu/libnss_mdns4_minimal.so.2
7f4d8c3f7000-7f4d8c3f8000 r--p 00001000 08:05 1182703                    /lib/x86_64-linux-gnu/libnss_mdns4_minimal.so.2
7f4d8c3f8000-7f4d8c3f9000 rw-p 00002000 08:05 1182703                    /lib/x86_64-linux-gnu/libnss_mdns4_minimal.so.2
7f4d8c41c000-7f4d8c61c000 rw-p 00000000 00:00 0 
7f4d8c61c000-7f4d8c644000 r-xp 00000000 08:05 669765                     /usr/lib/jvm/java-8-openjdk-amd64/jre/lib/amd64/libsunec.so
7f4d8c644000-7f4d8c843000 ---p 00028000 08:05 669765                     /usr/lib/jvm/java-8-openjdk-amd64/jre/lib/amd64/libsunec.so
7f4d8c843000-7f4d8c847000 r--p 00027000 08:05 669765                     /usr/lib/jvm/java-8-openjdk-amd64/jre/lib/amd64/libsunec.so
7f4d8c847000-7f4d8c848000 rw-p 0002b000 08:05 669765                     /usr/lib/jvm/java-8-openjdk-amd64/jre/lib/amd64/libsunec.so
7f4d8c848000-7f4d8c84b000 r--s 00015000 08:05 669811                     /usr/lib/jvm/java-8-openjdk-amd64/jre/lib/jce.jar
7f4d8c84b000-7f4d8c84e000 ---p 00000000 00:00 0 
7f4d8c84e000-7f4d8cb4c000 rw-p 00000000 00:00 0 
7f4d8cb4c000-7f4d8cd4c000 rw-p 00000000 00:00 0 
7f4d8cd4c000-7f4d8cf4c000 rw-p 00000000 00:00 0 
7f4d8cf4c000-7f4d8d14c000 rw-p 00000000 00:00 0 
7f4d8d14c000-7f4d8d34c000 rw-p 00000000 00:00 0 
7f4d8d34c000-7f4d8d54c000 rw-p 00000000 00:00 0 
7f4d8d54c000-7f4d8d55f000 r--s 00346000 08:05 669788                     /usr/lib/jvm/java-8-openjdk-amd64/jre/lib/resources.jar
7f4d8d55f000-7f4d8d75f000 rw-p 00000000 00:00 0 
7f4d8d75f000-7f4d8d95f000 rw-p 00000000 00:00 0 
7f4d8d95f000-7f4d8db5f000 rw-p 00000000 00:00 0 
7f4d8db5f000-7f4d8dd5f000 rw-p 00000000 00:00 0 
7f4d8dd5f000-7f4d8dd8a000 r--s 001fc000 08:05 21842                      /home/khaled/Downloads/Programms/android-studio/gradle/m2repository/com/google/guava/guava/18.0/guava-18.0.jar
7f4d8dd8a000-7f4d8dd8b000 r--s 00001000 08:05 15641                      /home/khaled/Downloads/Programms/android-studio/gradle/m2repository/com/android/tools/annotations/25.2.3/annotations-25.2.3.jar
7f4d8dd8b000-7f4d8dd9e000 r--s 000b2000 08:05 15722                      /home/khaled/Downloads/Programms/android-studio/gradle/m2repository/com/android/tools/external/com-intellij/uast/145.597.4/uast-145.597.4.jar
7f4d8dd9e000-7f4d8dda6000 r--s 000a8000 08:05 2773                       /home/khaled/Downloads/Programms/android-studio/gradle/m2repository/com/android/tools/external/lombok/lombok-ast/0.2.3/lombok-ast-0.2.3.jar
7f4d8dda6000-7f4d8dda8000 r--s 0000d000 08:05 2913                       /home/khaled/Downloads/Programms/android-studio/gradle/m2repository/commons-codec/commons-codec/1.4/commons-codec-1.4.jar
7f4d8dda8000-7f4d8ddaa000 r--s 0000d000 08:05 2261                       /home/khaled/Downloads/Programms/android-studio/gradle/m2repository/commons-logging/commons-logging/1.1.1/commons-logging-1.1.1.jar
7f4d8ddaa000-7f4d8ddaf000 r--s 00028000 08:05 2425                       /home/khaled/Downloads/Programms/android-studio/gradle/m2repository/org/apache/httpcomponents/httpcore/4.1/httpcore-4.1.jar
7f4d8ddaf000-7f4d8ddb3000 r--s 0002f000 08:05 21861                      /home/khaled/Downloads/Programms/android-studio/gradle/m2repository/com/google/jimfs/jimfs/1.1/jimfs-1.1.jar
7f4d8ddb3000-7f4d8ddb4000 r--s 00004000 08:05 2501                       /home/khaled/Downloads/Programms/android-studio/gradle/m2repository/com/intellij/annotations/12.0/annotations-12.0.jar
7f4d8ddb4000-7f4d8ddb5000 r--s 00004000 08:05 21790                      /home/khaled/Downloads/Programms/android-studio/gradle/m2repository/org/ow2/asm/asm-analysis/5.0.4/asm-analysis-5.0.4.jar
7f4d8ddb5000-7f4d8ddb9000 r--s 0003b000 08:05 265073                     /home/khaled/Downloads/Programms/android-studio/gradle/m2repository/com/android/tools/lint/lint-api/25.2.3/lint-api-25.2.3.jar
7f4d8ddb9000-7f4d8ddba000 r--s 0000a000 08:05 2875                       /home/khaled/Downloads/Programms/android-studio/gradle/m2repository/net/sf/kxml/kxml2/2.3.0/kxml2-2.3.0.jar
7f4d8ddba000-7f4d8ddbc000 r--s 00005000 08:05 2416                       /home/khaled/Downloads/Programms/android-studio/gradle/m2repository/org/apache/httpcomponents/httpmime/4.1/httpmime-4.1.jar
7f4d8ddbc000-7f4d8ddc4000 r--s 0004e000 08:05 2436                       /home/khaled/Downloads/Programms/android-studio/gradle/m2repository/org/apache/httpcomponents/httpclient/4.1.1/httpclient-4.1.1.jar
7f4d8ddc4000-7f4d8ddcb000 r--s 00053000 08:05 2448                       /home/khaled/Downloads/Programms/android-studio/gradle/m2repository/org/apache/commons/commons-compress/1.8.1/commons-compress-1.8.1.jar
7f4d8ddcb000-7f4d8ddd0000 r--s 0002a000 08:05 2534                       /home/khaled/Downloads/Programms/android-studio/gradle/m2repository/com/google/code/gson/gson/2.2.4/gson-2.2.4.jar
7f4d8ddd0000-7f4d8ddd5000 r--s 0002d000 08:05 15725                      /home/khaled/Downloads/Programms/android-studio/gradle/m2repository/com/android/tools/repository/25.2.3/repository-25.2.3.jar
7f4d8ddd5000-7f4d8ddd6000 r--s 00005000 08:05 15716                      /home/khaled/Downloads/Programms/android-studio/gradle/m2repository/com/android/tools/dvlib/25.2.3/dvlib-25.2.3.jar
7f4d8ddd6000-7f4d8ddd9000 r--s 00014000 08:05 15697                      /home/khaled/Downloads/Programms/android-studio/gradle/m2repository/com/android/tools/layoutlib/layoutlib-api/25.2.3/layoutlib-api-25.2.3.jar
7f4d8ddd9000-7f4d8ddde000 r--s 00058000 08:05 2279                       /home/khaled/Downloads/Programms/android-studio/gradle/m2repository/org/ow2/asm/asm-debug-all/5.0.1/asm-debug-all-5.0.1.jar
7f4d8ddde000-7f4d8ddee000 r--s 000d6000 08:05 2887                       /home/khaled/Downloads/Programms/android-studio/gradle/m2repository/net/sf/proguard/proguard-base/5.2.1/proguard-base-5.2.1.jar
7f4d8ddee000-7f4d8ddf1000 r--s 00033000 08:05 2508                       /home/khaled/Downloads/Programms/android-studio/gradle/m2repository/com/googlecode/juniversalchardet/juniversalchardet/1.0.3/juniversalchardet-1.0.3.jar
7f4d8ddf1000-7f4d8ddf5000 r--s 0002a000 08:05 2254                       /home/khaled/Downloads/Programms/android-studio/gradle/m2repository/commons-io/commons-io/2.4/commons-io-2.4.jar
7f4d8ddf5000-7f4d8de0c000 r--s 00154000 08:05 21815                      /home/khaled/Downloads/Programms/android-studio/gradle/m2repository/org/antlr/antlr4/4.5.3/antlr4-4.5.3.jar
7f4d8de0c000-7f4d8de0d000 r--s 00002000 08:05 15623                      /home/khaled/Downloads/Programms/android-studio/gradle/m2repository/com/android/databinding/baseLibrary/2.2.3/baseLibrary-2.2.3.jar
7f4d8de0d000-7f4d8de20000 r--s 00236000 08:05 21807                      /home/khaled/Downloads/Programms/android-studio/gradle/m2repository/org/eclipse/jdt/core/compiler/ecj/4.5.1/ecj-4.5.1.jar
7f4d8de20000-7f4d8de27000 r--s 000c3000 08:05 264690                     /home/khaled/Downloads/Programms/android-studio/gradle/m2repository/com/android/tools/lint/lint-checks/25.2.3/lint-checks-25.2.3.jar
7f4d8de27000-7f4d8de29000 r--s 00006000 08:05 21792                      /home/khaled/Downloads/Programms/android-studio/gradle/m2repository/org/ow2/asm/asm-tree/5.0.4/asm-tree-5.0.4.jar
7f4d8de29000-7f4d8de5c000 r--s 00203000 08:05 2389                       /home/khaled/Downloads/Programms/android-studio/gradle/m2repository/org/bouncycastle/bcprov-jdk15on/1.48/bcprov-jdk15on-1.48.jar
7f4d8de5c000-7f4d8de6a000 r--s 00081000 08:05 2394                       /home/khaled/Downloads/Programms/android-studio/gradle/m2repository/org/bouncycastle/bcpkix-jdk15on/1.48/bcpkix-jdk15on-1.48.jar
7f4d8de6a000-7f4d8de6c000 r--s 00002000 08:05 2516                       /home/khaled/Downloads/Programms/android-studio/gradle/m2repository/com/squareup/javawriter/2.5.0/javawriter-2.5.0.jar
7f4d8de6c000-7f4d8de6d000 r--s 00002000 08:05 15731                      /home/khaled/Downloads/Programms/android-studio/gradle/m2repository/com/android/tools/analytics-library/tracker/25.2.3/tracker-25.2.3.jar
7f4d8de6d000-7f4d8de6f000 r--s 00003000 08:05 264614                     /home/khaled/Downloads/Programms/android-studio/gradle/m2repository/com/android/tools/analytics-library/shared/25.2.3/shared-25.2.3.jar
7f4d8de6f000-7f4d8de7c000 r--s 000ed000 08:05 15737                      /home/khaled/Downloads/Programms/android-studio/gradle/m2repository/com/android/tools/analytics-library/protos/25.2.3/protos-25.2.3.jar
7f4d8de7c000-7f4d8de7e000 r--s 00003000 08:05 15755                      /home/khaled/Downloads/Programms/android-studio/gradle/m2repository/com/android/tools/jack/jack-api/0.11.0/jack-api-0.11.0.jar
7f4d8de7e000-7f4d8de83000 r--s 0004a000 08:05 15709                      /home/khaled/Downloads/Programms/android-studio/gradle/m2repository/com/android/tools/ddms/ddmlib/25.2.3/ddmlib-25.2.3.jar
7f4d8de83000-7f4d8de86000 r--s 00021000 08:05 15674                      /home/khaled/Downloads/Programms/android-studio/gradle/m2repository/com/android/tools/build/manifest-merger/25.2.3/manifest-merger-25.2.3.jar
7f4d8de86000-7f4d8df42000 r--s 00838000 08:05 1217683                    /home/khaled/.gradle/caches/modules-2/files-2.1/io.fabric.tools/gradle/1.22.1/a45cb0acfa010ec924ac742ecc1c5e2997ffa692/gradle-1.22.1.jar
7f4d8df42000-7f4d8e142000 rw-p 00000000 00:00 0 
7f4d8e142000-7f4d8e342000 rw-p 00000000 00:00 0 
7f4d8e342000-7f4d8e542000 rw-p 00000000 00:00 0 
7f4d8e542000-7f4d8e742000 rw-p 00000000 00:00 0 
7f4d8e742000-7f4d8e743000 r--s 00001000 08:05 2710                       /home/khaled/Downloads/Programms/android-studio/gradle/m2repository/com/android/tools/jill/jill-api/0.10.0/jill-api-0.10.0.jar
7f4d8e743000-7f4d8e745000 r--s 0001c000 08:05 283151                     /home/khaled/Downloads/Programms/android-studio/gradle/m2repository/com/android/tools/common/25.2.3/common-25.2.3.jar
7f4d8e745000-7f4d8e74d000 r--s 00084000 08:05 15704                      /home/khaled/Downloads/Programms/android-studio/gradle/m2repository/com/android/tools/sdk-common/25.2.3/sdk-common-25.2.3.jar
7f4d8e74d000-7f4d8e758000 r--s 0008e000 08:05 265100                     /home/khaled/Downloads/Programms/android-studio/gradle/m2repository/com/android/tools/sdklib/25.2.3/sdklib-25.2.3.jar
7f4d8e758000-7f4d8e759000 r--s 00002000 08:05 15661                      /home/khaled/Downloads/Programms/android-studio/gradle/m2repository/com/android/tools/build/builder-test-api/2.2.3/builder-test-api-2.2.3.jar
7f4d8e759000-7f4d8e75c000 r--s 00005000 08:05 15686                      /home/khaled/Downloads/Programms/android-studio/gradle/m2repository/com/android/tools/build/builder-model/2.2.3/builder-model-2.2.3.jar
7f4d8e75c000-7f4d8e764000 r--s 0007b000 08:05 21850                      /home/khaled/Downloads/Programms/android-studio/gradle/m2repository/com/google/protobuf/protobuf-java/2.5.0/protobuf-java-2.5.0.jar
7f4d8e764000-7f4d8e766000 r--s 0000f000 08:05 22049                      /home/khaled/Downloads/Programms/android-studio/gradle/m2repository/net/sf/jopt-simple/jopt-simple/4.9/jopt-simple-4.9.jar
7f4d8e766000-7f4d8e76a000 r--s 0001f000 08:05 21831                      /home/khaled/Downloads/Programms/android-studio/gradle/m2repository/org/jacoco/org.jacoco.report/0.7.5.201505241946/org.jacoco.report-0.7.5.201505241946.jar
7f4d8e76a000-7f4d8e76e000 r--s 0001d000 08:05 21821                      /home/khaled/Downloads/Programms/android-studio/gradle/m2repository/org/jacoco/org.jacoco.core/0.7.5.201505241946/org.jacoco.core-0.7.5.201505241946.jar
7f4d8e76e000-7f4d8e76f000 r--s 00002000 08:05 2903                       /home/khaled/Downloads/Programms/android-studio/gradle/m2repository/net/sf/proguard/proguard-gradle/5.2.1/proguard-gradle-5.2.1.jar
7f4d8e76f000-7f4d8e771000 r--s 00009000 08:05 21795                      /home/khaled/Downloads/Programms/android-studio/gradle/m2repository/org/ow2/asm/asm-commons/5.0.4/asm-commons-5.0.4.jar
7f4d8e771000-7f4d8e773000 r--s 0000c000 08:05 21805                      /home/khaled/Downloads/Programms/android-studio/gradle/m2repository/org/ow2/asm/asm/5.0.4/asm-5.0.4.jar
7f4d8e773000-7f4d8e777000 r--s 0002b000 08:05 15634                      /home/khaled/Downloads/Programms/android-studio/gradle/m2repository/com/android/databinding/compilerCommon/2.2.3/compilerCommon-2.2.3.jar
7f4d8e777000-7f4d8e778000 r--s 00002000 08:05 15667                      /home/khaled/Downloads/Programms/android-studio/gradle/m2repository/com/android/tools/build/gradle-api/2.2.3/gradle-api-2.2.3.jar
7f4d8e778000-7f4d8e779000 r--s 00000000 08:05 2663                       /home/khaled/Downloads/Programms/android-studio/gradle/m2repository/com/android/tools/build/transform-api/2.0.0-deprecated-use-gradle-api/transform-api-2.0.0-deprecated-use-gradle-api.jar
7f4d8e779000-7f4d8e77e000 r--s 00053000 08:05 264742                     /home/khaled/Downloads/Programms/android-studio/gradle/m2repository/com/android/tools/lint/lint/25.2.3/lint-25.2.3.jar
7f4d8e77e000-7f4d8e795000 r--s 0015e000 08:05 15656                      /home/khaled/Downloads/Programms/android-studio/gradle/m2repository/com/android/tools/build/builder/2.2.3/builder-2.2.3.jar
7f4d8e795000-7f4d8e7b2000 r--s 0019d000 08:05 15679                      /home/khaled/Downloads/Programms/android-studio/gradle/m2repository/com/android/tools/build/gradle-core/2.2.3/gradle-core-2.2.3.jar
7f4d8e7b2000-7f4d8e7b3000 r--s 00006000 08:05 1190042                    /home/khaled/.gradle/caches/modules-2/files-2.1/com.google.gms/google-services/3.0.0/ee538ce9cf4148485e43017c5542202b8c78ff8e/google-services-3.0.0.jar
7f4d8e7b3000-7f4d8e7b5000 r--s 0000d000 08:05 15691                      /home/khaled/Downloads/Programms/android-studio/gradle/m2repository/com/android/tools/build/gradle/2.2.3/gradle-2.2.3.jar
7f4d8e7b5000-7f4d8e7b8000 ---p 00000000 00:00 0 
7f4d8e7b8000-7f4d8e8b6000 rw-p 00000000 00:00 0 
7f4d8e8b6000-7f4d8e8b9000 ---p 00000000 00:00 0 
7f4d8e8b9000-7f4d8e8ef000 rw-p 00000000 00:00 0 
7f4d8e8ef000-7f4d8e8f0000 r--p 00000000 00:00 0 
7f4d8e8f0000-7f4d8eaf0000 rw-p 00000000 00:00 0 
7f4d8eaf0000-7f4d8ecf0000 rw-p 00000000 00:00 0 
7f4d8ecf0000-7f4d8eef0000 rw-p 00000000 00:00 0 
7f4d8eef0000-7f4d8ef69000 r--s 010fd000 08:05 669542                     /usr/lib/jvm/java-8-openjdk-amd64/lib/tools.jar
7f4d8ef69000-7f4d8f169000 rw-p 00000000 00:00 0 
7f4d8f169000-7f4d8f16c000 ---p 00000000 00:00 0 
7f4d8f16c000-7f4d8f26a000 rw-p 00000000 00:00 0 
7f4d8f26a000-7f4d8f26d000 ---p 00000000 00:00 0 
7f4d8f26d000-7f4d8f36b000 rw-p 00000000 00:00 0 
7f4d8f36b000-7f4d8f36e000 ---p 00000000 00:00 0 
7f4d8f36e000-7f4d8f46c000 rw-p 00000000 00:00 0 
7f4d8f46c000-7f4d8f46f000 ---p 00000000 00:00 0 
7f4d8f46f000-7f4d8f56d000 rw-p 00000000 00:00 0 
7f4d8f56d000-7f4d8f570000 ---p 00000000 00:00 0 
7f4d8f570000-7f4d8f66e000 rw-p 00000000 00:00 0 
7f4d8f66e000-7f4d8f671000 ---p 00000000 00:00 0 
7f4d8f671000-7f4d8f76f000 rw-p 00000000 00:00 0 
7f4d8f76f000-7f4d8f772000 ---p 00000000 00:00 0 
7f4d8f772000-7f4d8f870000 rw-p 00000000 00:00 0 
7f4d8f870000-7f4d8f877000 r--s 00000000 08:05 937284                     /usr/lib/x86_64-linux-gnu/gconv/gconv-modules.cache
7f4d8f877000-7f4d8fa77000 rw-p 00000000 00:00 0 
7f4d8fa77000-7f4d8fa7a000 ---p 00000000 00:00 0 
7f4d8fa7a000-7f4d8fb78000 rw-p 00000000 00:00 0 
7f4d8fb78000-7f4d8fb81000 r-xp 00000000 08:05 669778                     /usr/lib/jvm/java-8-openjdk-amd64/jre/lib/amd64/libmanagement.so
7f4d8fb81000-7f4d8fd80000 ---p 00009000 08:05 669778                     /usr/lib/jvm/java-8-openjdk-amd64/jre/lib/amd64/libmanagement.so
7f4d8fd80000-7f4d8fd81000 r--p 00008000 08:05 669778                     /usr/lib/jvm/java-8-openjdk-amd64/jre/lib/amd64/libmanagement.so
7f4d8fd81000-7f4d8fd82000 rw-p 00009000 08:05 669778                     /usr/lib/jvm/java-8-openjdk-amd64/jre/lib/amd64/libmanagement.so
7f4d8fd82000-7f4d8fd86000 r--s 0009a000 08:05 669810                     /usr/lib/jvm/java-8-openjdk-amd64/jre/lib/jsse.jar
7f4d8fd86000-7f4d8fd88000 r--s 00007000 08:05 21737                      /home/khaled/Downloads/Programms/android-studio/gradle/gradle-2.14.1/lib/plugins/gradle-tooling-api-builders-2.14.1.jar
7f4d8fd88000-7f4d8fd8b000 r--s 00008000 08:05 21733                      /home/khaled/Downloads/Programms/android-studio/gradle/gradle-2.14.1/lib/plugins/gradle-testing-native-2.14.1.jar
7f4d8fd8b000-7f4d8fd8d000 r--s 00009000 08:05 22147                      /home/khaled/Downloads/Programms/android-studio/gradle/gradle-2.14.1/lib/plugins/hamcrest-core-1.3.jar
7f4d8fd8d000-7f4d8fd93000 r--s 00033000 08:05 22101                      /home/khaled/Downloads/Programms/android-studio/gradle/gradle-2.14.1/lib/plugins/snakeyaml-1.6.jar
7f4d8fd93000-7f4d8fd95000 r--s 00006000 08:05 22112                      /home/khaled/Downloads/Programms/android-studio/gradle/gradle-2.14.1/lib/plugins/jcommander-1.12.jar
7f4d8fd95000-7f4d8fd9a000 r--s 00040000 08:05 22100                      /home/khaled/Downloads/Programms/android-studio/gradle/gradle-2.14.1/lib/plugins/bsh-2.0b4.jar
7f4d8fd9a000-7f4d8fda3000 r--s 00089000 08:05 22115                      /home/khaled/Downloads/Programms/android-studio/gradle/gradle-2.14.1/lib/plugins/testng-6.3.1.jar
7f4d8fda3000-7f4d8fdab000 r--s 00045000 08:05 22119                      /home/khaled/Downloads/Programms/android-studio/gradle/gradle-2.14.1/lib/plugins/junit-4.12.jar
7f4d8fdab000-7f4d8fdb1000 r--s 0002e000 08:05 21742                      /home/khaled/Downloads/Programms/android-studio/gradle/gradle-2.14.1/lib/plugins/gradle-testing-jvm-2.14.1.jar
7f4d8fdb1000-7f4d8fdb6000 r--s 00015000 08:05 21746                      /home/khaled/Downloads/Programms/android-studio/gradle/gradle-2.14.1/lib/plugins/gradle-testing-base-2.14.1.jar
7f4d8fdb6000-7f4d8fdb7000 r--s 00002000 08:05 22118                      /home/khaled/Downloads/Programms/android-studio/gradle/gradle-2.14.1/lib/plugins/sonar-batch-bootstrapper-2.9.jar
7f4d8fdb7000-7f4d8fdba000 r--s 00015000 08:05 21741                      /home/khaled/Downloads/Programms/android-studio/gradle/gradle-2.14.1/lib/plugins/gradle-sonar-2.14.1.jar
7f4d8fdba000-7f4d8fdc1000 r--s 00038000 08:05 22132                      /home/khaled/Downloads/Programms/android-studio/gradle/gradle-2.14.1/lib/plugins/bcpg-jdk15on-1.51.jar
7f4d8fdc1000-7f4d8fdc3000 r--s 0000d000 08:05 21756                      /home/khaled/Downloads/Programms/android-studio/gradle/gradle-2.14.1/lib/plugins/gradle-signing-2.14.1.jar
7f4d8fdc3000-7f4d8fdc6000 r--s 00009000 08:05 21750                      /home/khaled/Downloads/Programms/android-studio/gradle/gradle-2.14.1/lib/plugins/gradle-scala-2.14.1.jar
7f4d8fdc6000-7f4d8fdc7000 r--s 00004000 08:05 21758                      /home/khaled/Downloads/Programms/android-studio/gradle/gradle-2.14.1/lib/plugins/gradle-resources-sftp-2.14.1.jar
7f4d8fdc7000-7f4d8fdd7000 r--s 00088000 08:05 22105                      /home/khaled/Downloads/Programms/android-studio/gradle/gradle-2.14.1/lib/plugins/joda-time-2.8.2.jar
7f4d8fdd7000-7f4d8fde8000 r--s 000cf000 08:05 22151                      /home/khaled/Downloads/Programms/android-studio/gradle/gradle-2.14.1/lib/plugins/jackson-databind-2.3.2.jar
7f4d8fde8000-7f4d8fdea000 r--s 00007000 08:05 22128                      /home/khaled/Downloads/Programms/android-studio/gradle/gradle-2.14.1/lib/plugins/jackson-annotations-2.3.2.jar
7f4d8fdea000-7f4d8fded000 r--s 0002e000 08:05 22134                      /home/khaled/Downloads/Programms/android-studio/gradle/gradle-2.14.1/lib/plugins/jackson-core-2.3.2.jar
7f4d8fded000-7f4d8fdf8000 r--s 0006b000 08:05 22159                      /home/khaled/Downloads/Programms/android-studio/gradle/gradle-2.14.1/lib/plugins/aws-java-sdk-core-1.9.19.jar
7f4d8fdf8000-7f4d8fdfe000 r--s 00036000 08:05 22127                      /home/khaled/Downloads/Programms/android-studio/gradle/gradle-2.14.1/lib/plugins/aws-java-sdk-kms-1.9.19.jar
7f4d8fdfe000-7f4d8fe09000 r--s 00079000 08:05 22117                      /home/khaled/Downloads/Programms/android-studio/gradle/gradle-2.14.1/lib/plugins/aws-java-sdk-s3-1.9.19.jar
7f4d8fe09000-7f4d8fe0a000 r--s 00003000 08:05 21764                      /home/khaled/Downloads/Programms/android-studio/gradle/gradle-2.14.1/lib/plugins/gradle-resources-s3-2.14.1.jar
7f4d8fe0a000-7f4d8fe0c000 r--s 00005000 08:05 22146                      /home/khaled/Downloads/Programms/android-studio/gradle/gradle-2.14.1/lib/plugins/jatl-0.2.2.jar
7f4d8fe0c000-7f4d8fe0e000 r--s 0000f000 08:05 21770                      /home/khaled/Downloads/Programms/android-studio/gradle/gradle-2.14.1/lib/plugins/gradle-reporting-2.14.1.jar
7f4d8fe0e000-7f4d8fe10000 r--s 00002000 08:05 21752                      /home/khaled/Downloads/Programms/android-studio/gradle/gradle-2.14.1/lib/plugins/gradle-publish-2.14.1.jar
7f4d8fe10000-7f4d8fe12000 r--s 00009000 08:05 22110                      /home/khaled/Downloads/Programms/android-studio/gradle/gradle-2.14.1/lib/plugins/commons-cli-1.2.jar
7f4d8fe12000-7f4d8fe18000 r--s 00033000 08:05 21749                      /home/khaled/Downloads/Programms/android-studio/gradle/gradle-2.14.1/lib/plugins/gradle-plugins-2.14.1.jar
7f4d8fe18000-7f4d8fe1a000 r--s 00007000 08:05 21735                      /home/khaled/Downloads/Programms/android-studio/gradle/gradle-2.14.1/lib/plugins/gradle-plugin-development-2.14.1.jar
7f4d8fe1a000-7f4d8fe20000 r--s 0002a000 08:05 21755                      /home/khaled/Downloads/Programms/android-studio/gradle/gradle-2.14.1/lib/plugins/gradle-platform-play-2.14.1.jar
7f4d8fe20000-7f4d8fe2d000 r--s 0004d000 08:05 21754                      /home/khaled/Downloads/Programms/android-studio/gradle/gradle-2.14.1/lib/plugins/gradle-platform-native-2.14.1.jar
7f4d8fe2d000-7f4d8fe31000 r--s 0001a000 08:05 21763                      /home/khaled/Downloads/Programms/android-studio/gradle/gradle-2.14.1/lib/plugins/gradle-platform-jvm-2.14.1.jar
7f4d8fe31000-7f4d8fe38000 r--s 00029000 08:05 21748                      /home/khaled/Downloads/Programms/android-studio/gradle/gradle-2.14.1/lib/plugins/gradle-platform-base-2.14.1.jar
7f4d8fe38000-7f4d8fe59000 r--s 001c3000 08:05 22098                      /home/khaled/Downloads/Programms/android-studio/gradle/gradle-2.14.1/lib/plugins/bndlib-2.4.0.jar
7f4d8fe59000-7f4d8fe5b000 r--s 00003000 08:05 21765                      /home/khaled/Downloads/Programms/android-studio/gradle/gradle-2.14.1/lib/plugins/gradle-osgi-2.14.1.jar
7f4d8fe5b000-7f4d8fe5e000 r--s 0000c000 08:05 22154                      /home/khaled/Downloads/Programms/android-studio/gradle/gradle-2.14.1/lib/plugins/pmaven-groovy-0.8-20100325.jar
7f4d8fe5e000-7f4d8fe5f000 r--s 00004000 08:05 22145                      /home/khaled/Downloads/Programms/android-studio/gradle/gradle-2.14.1/lib/plugins/pmaven-common-0.8-20100325.jar
7f4d8fe5f000-7f4d8fe65000 r--s 00022000 08:05 21747                      /home/khaled/Downloads/Programms/android-studio/gradle/gradle-2.14.1/lib/plugins/gradle-maven-2.14.1.jar
7f4d8fe65000-7f4d8fe67000 r--s 0000a000 08:05 21739                      /home/khaled/Downloads/Programms/android-studio/gradle/gradle-2.14.1/lib/plugins/gradle-language-scala-2.14.1.jar
7f4d8fe67000-7f4d8fe6d000 r--s 0001a000 08:05 21743                      /home/khaled/Downloads/Programms/android-studio/gradle/gradle-2.14.1/lib/plugins/gradle-language-native-2.14.1.jar
7f4d8fe6d000-7f4d8fe6f000 r--s 00008000 08:05 21736                      /home/khaled/Downloads/Programms/android-studio/gradle/gradle-2.14.1/lib/plugins/gradle-language-jvm-2.14.1.jar
7f4d8fe6f000-7f4d8fe75000 r--s 00024000 08:05 21761                      /home/khaled/Downloads/Programms/android-studio/gradle/gradle-2.14.1/lib/plugins/gradle-language-java-2.14.1.jar
7f4d8fe75000-7f4d8fe77000 r--s 0000a000 08:05 21753                      /home/khaled/Downloads/Programms/android-studio/gradle/gradle-2.14.1/lib/plugins/gradle-language-groovy-2.14.1.jar
7f4d8fe77000-7f4d8fe7a000 r--s 0001e000 08:05 22095                      /home/khaled/Downloads/Programms/android-studio/gradle/gradle-2.14.1/lib/plugins/jsp-api-2.1-6.1.14.jar
7f4d8fe7a000-7f4d8fe9d000 r--s 00344000 08:05 22129                      /home/khaled/Downloads/Programms/android-studio/gradle/gradle-2.14.1/lib/plugins/core-3.1.1.jar
7f4d8fe9d000-7f4d8fe9e000 r--s 00006000 08:05 22152                      /home/khaled/Downloads/Programms/android-studio/gradle/gradle-2.14.1/lib/plugins/jetty-naming-6.1.25.jar
7f4d8fe9e000-7f4d8fe9f000 r--s 00002000 08:05 22125                      /home/khaled/Downloads/Programms/android-studio/gradle/gradle-2.14.1/lib/plugins/geronimo-annotation_1.0_spec-1.0.jar
7f4d8fe9f000-7f4d8fea1000 r--s 00002000 08:05 22149                      /home/khaled/Downloads/Programms/android-studio/gradle/gradle-2.14.1/lib/plugins/jetty-annotations-6.1.25.jar
7f4d8fea1000-7f4d8feb2000 r--s 000ea000 08:05 22155                      /home/khaled/Downloads/Programms/android-studio/gradle/gradle-2.14.1/lib/plugins/jsp-2.1-6.1.14.jar
7f4d8feb2000-7f4d8feb4000 r--s 0000d000 08:05 22130                      /home/khaled/Downloads/Programms/android-studio/gradle/gradle-2.14.1/lib/plugins/jetty-plus-6.1.25.jar
7f4d8feb4000-7f4d8feb6000 r--s 0001f000 08:05 22163                      /home/khaled/Downloads/Programms/android-studio/gradle/gradle-2.14.1/lib/plugins/servlet-api-2.5-20081211.jar
7f4d8feb6000-7f4d8feba000 r--s 00028000 08:05 22113                      /home/khaled/Downloads/Programms/android-studio/gradle/gradle-2.14.1/lib/plugins/jetty-util-6.1.25.jar
7f4d8feba000-7f4d8fec1000 r--s 0007d000 08:05 22120                      /home/khaled/Downloads/Programms/android-studio/gradle/gradle-2.14.1/lib/plugins/jetty-6.1.25.jar
7f4d8fec1000-7f4d8fec3000 r--s 00009000 08:05 21768                      /home/khaled/Downloads/Programms/android-studio/gradle/gradle-2.14.1/lib/plugins/gradle-jetty-2.14.1.jar
7f4d8fec3000-7f4d8feca000 r--s 00035000 08:05 22160                      /home/khaled/Downloads/Programms/android-studio/gradle/gradle-2.14.1/lib/plugins/simple-4.1.21.jar
7f4d8feca000-7f4d8fed6000 r--s 00100000 08:05 22106                      /home/khaled/Downloads/Programms/android-studio/gradle/gradle-2.14.1/lib/plugins/rhino-1.7R3.jar
7f4d8fed6000-7f4d8feda000 r--s 00011000 08:05 21760                      /home/khaled/Downloads/Programms/android-studio/gradle/gradle-2.14.1/lib/plugins/gradle-javascript-2.14.1.jar
7f4d8feda000-7f4d8fedc000 r--s 0000c000 08:05 21777                      /home/khaled/Downloads/Programms/android-studio/gradle/gradle-2.14.1/lib/plugins/gradle-jacoco-2.14.1.jar
7f4d8fedc000-7f4d8fedf000 r--s 0000e000 08:05 21776                      /home/khaled/Downloads/Programms/android-studio/gradle/gradle-2.14.1/lib/plugins/gradle-ivy-2.14.1.jar
7f4d8fedf000-7f4d8fee0000 r--s 00002000 08:05 21772                      /home/khaled/Downloads/Programms/android-studio/gradle/gradle-2.14.1/lib/plugins/gradle-ide-play-2.14.1.jar
7f4d8fee0000-7f4d8fee5000 r--s 0002b000 08:05 21769                      /home/khaled/Downloads/Programms/android-studio/gradle/gradle-2.14.1/lib/plugins/gradle-ide-native-2.14.1.jar
7f4d8fee5000-7f4d8fef0000 r--s 00066000 08:05 21740                      /home/khaled/Downloads/Programms/android-studio/gradle/gradle-2.14.1/lib/plugins/gradle-ide-2.14.1.jar
7f4d8fef0000-7f4d8fef1000 r--s 00008000 08:05 21738                      /home/khaled/Downloads/Programms/android-studio/gradle/gradle-2.14.1/lib/plugins/gradle-ear-2.14.1.jar
7f4d8fef1000-7f4d8fef7000 r--s 00032000 08:05 21745                      /home/khaled/Downloads/Programms/android-studio/gradle/gradle-2.14.1/lib/plugins/gradle-diagnostics-2.14.1.jar
7f4d8fef7000-7f4d8fefb000 r--s 00021000 08:05 21771                      /home/khaled/Downloads/Programms/android-studio/gradle/gradle-2.14.1/lib/plugins/gradle-code-quality-2.14.1.jar
7f4d8fefb000-7f4d8feff000 r--s 0001f000 08:05 21744                      /home/khaled/Downloads/Programms/android-studio/gradle/gradle-2.14.1/lib/plugins/gradle-build-init-2.14.1.jar
7f4d8feff000-7f4d8ff06000 r--s 0008e000 08:05 21774                      /home/khaled/Downloads/Programms/android-studio/gradle/gradle-2.14.1/lib/plugins/gradle-build-comparison-2.14.1.jar
7f4d8ff06000-7f4d8ff08000 r--s 00008000 08:05 21762                      /home/khaled/Downloads/Programms/android-studio/gradle/gradle-2.14.1/lib/plugins/gradle-antlr-2.14.1.jar
7f4d8ff08000-7f4d8ff0a000 r--s 00004000 08:05 21775                      /home/khaled/Downloads/Programms/android-studio/gradle/gradle-2.14.1/lib/plugins/gradle-announce-2.14.1.jar
7f4d8ff0a000-7f4d8ff22000 r--s 00115000 08:05 22123                      /home/khaled/Downloads/Programms/android-studio/gradle/gradle-2.14.1/lib/plugins/xercesImpl-2.9.1.jar
7f4d8ff22000-7f4d8ff2a000 r--s 00028000 08:05 22142                      /home/khaled/Downloads/Programms/android-studio/gradle/gradle-2.14.1/lib/plugins/xml-apis-1.3.04.jar
7f4d8ff2a000-7f4d8ff30000 r--s 0005b000 08:05 22135                      /home/khaled/Downloads/Programms/android-studio/gradle/gradle-2.14.1/lib/plugins/jcifs-1.3.17.jar
7f4d8ff30000-7f4d8ff37000 r--s 00049000 08:05 21759                      /home/khaled/Downloads/Programms/android-studio/gradle/gradle-2.14.1/lib/plugins/httpcore-4.4.4.jar
7f4d8ff37000-7f4d8ff3d000 r--s 00033000 08:05 22104                      /home/khaled/Downloads/Programms/android-studio/gradle/gradle-2.14.1/lib/plugins/commons-codec-1.6.jar
7f4d8ff3d000-7f4d8ff40000 r--s 0001c000 08:05 22102                      /home/khaled/Downloads/Programms/android-studio/gradle/gradle-2.14.1/lib/plugins/nekohtml-1.9.14.jar
7f4d8ff40000-7f4d8ff4d000 r--s 000a4000 08:05 21766                      /home/khaled/Downloads/Programms/android-studio/gradle/gradle-2.14.1/lib/plugins/httpclient-4.4.1.jar
7f4d8ff4d000-7f4d8ff4f000 r--s 0000a000 08:05 21734                      /home/khaled/Downloads/Programms/android-studio/gradle/gradle-2.14.1/lib/plugins/gradle-resources-http-2.14.1.jar
7f4d8ff4f000-7f4d8ff53000 r--s 00014000 08:05 21757                      /home/khaled/Downloads/Programms/android-studio/gradle/gradle-2.14.1/lib/plugins/gradle-plugin-use-2.14.1.jar
7f4d8ff53000-7f4d8ff54000 r--s 00000000 08:05 21715                      /home/khaled/Downloads/Programms/android-studio/gradle/gradle-2.14.1/lib/gradle-installation-beacon-2.14.1.jar
7f4d8ff54000-7f4d8ff55000 r--s 00007000 08:05 22111                      /home/khaled/Downloads/Programms/android-studio/gradle/gradle-2.14.1/lib/plugins/wagon-http-shared4-2.4.jar
7f4d8ff55000-7f4d8ff59000 r--s 00033000 08:05 22148                      /home/khaled/Downloads/Programms/android-studio/gradle/gradle-2.14.1/lib/plugins/plexus-utils-2.0.6.jar
7f4d8ff59000-7f4d8ff5d000 r--s 00021000 08:05 22137                      /home/khaled/Downloads/Programms/android-studio/gradle/gradle-2.14.1/lib/plugins/maven-model-builder-3.0.4.jar
7f4d8ff5d000-7f4d8ff5e000 r--s 00002000 08:05 22103                      /home/khaled/Downloads/Programms/android-studio/gradle/gradle-2.14.1/lib/plugins/wagon-file-2.4.jar
7f4d8ff5e000-7f4d8ff60000 r--s 00002000 08:05 22144                      /home/khaled/Downloads/Programms/android-studio/gradle/gradle-2.14.1/lib/plugins/plexus-cipher-1.7.jar
7f4d8ff60000-7f4d8ff63000 r--s 00013000 08:05 22162                      /home/khaled/Downloads/Programms/android-studio/gradle/gradle-2.14.1/lib/plugins/aether-api-1.13.1.jar
7f4d8ff63000-7f4d8ff65000 r--s 0000a000 08:05 22114                      /home/khaled/Downloads/Programms/android-studio/gradle/gradle-2.14.1/lib/plugins/maven-settings-3.0.4.jar
7f4d8ff65000-7f4d8ff67000 r--s 0000d000 08:05 22138                      /home/khaled/Downloads/Programms/android-studio/gradle/gradle-2.14.1/lib/plugins/plexus-interpolation-1.14.jar
7f4d8ff67000-7f4d8ff69000 r--s 0000b000 08:05 22153                      /home/khaled/Downloads/Programms/android-studio/gradle/gradle-2.14.1/lib/plugins/maven-artifact-3.0.4.jar
7f4d8ff69000-7f4d8ff70000 r--s 0002e000 08:05 22108                      /home/khaled/Downloads/Programms/android-studio/gradle/gradle-2.14.1/lib/plugins/plexus-container-default-1.5.5.jar
7f4d8ff70000-7f4d8ff72000 r--s 0000b000 08:05 22131                      /home/khaled/Downloads/Programms/android-studio/gradle/gradle-2.14.1/lib/plugins/maven-plugin-api-3.0.4.jar
7f4d8ff72000-7f4d8ff74000 r--s 00000000 08:05 22133                      /home/khaled/Downloads/Programms/android-studio/gradle/gradle-2.14.1/lib/plugins/plexus-component-annotations-1.5.5.jar
7f4d8ff74000-7f4d8ff7a000 r--s 0003f000 08:05 22139                      /home/khaled/Downloads/Programms/android-studio/gradle/gradle-2.14.1/lib/plugins/maven-compat-3.0.4.jar
7f4d8ff7a000-7f4d8ff7d000 r--s 00008000 08:05 22121                      /home/khaled/Downloads/Programms/android-studio/gradle/gradle-2.14.1/lib/plugins/maven-settings-builder-3.0.4.jar
7f4d8ff7d000-7f4d8ff7e000 r--s 00002000 08:05 22094                      /home/khaled/Downloads/Programms/android-studio/gradle/gradle-2.14.1/lib/plugins/wagon-http-2.4.jar
7f4d8ff7e000-7f4d8ff80000 r--s 00026000 08:05 22161                      /home/khaled/Downloads/Programms/android-studio/gradle/gradle-2.14.1/lib/plugins/maven-model-3.0.4.jar
7f4d8ff80000-7f4d8ff82000 r--s 00006000 08:05 22150                      /home/khaled/Downloads/Programms/android-studio/gradle/gradle-2.14.1/lib/plugins/aether-connector-wagon-1.13.1.jar
7f4d8ff82000-7f4d8ff84000 r--s 0000a000 08:05 22109                      /home/khaled/Downloads/Programms/android-studio/gradle/gradle-2.14.1/lib/plugins/plexus-classworlds-2.4.jar
7f4d8ff84000-7f4d8ff86000 r--s 00006000 08:05 22140                      /home/khaled/Downloads/Programms/android-studio/gradle/gradle-2.14.1/lib/plugins/maven-repository-metadata-3.0.4.jar
7f4d8ff86000-7f4d8ff88000 r--s 0000c000 08:05 22124                      /home/khaled/Downloads/Programms/android-studio/gradle/gradle-2.14.1/lib/plugins/maven-aether-provider-3.0.4.jar
7f4d8ff88000-7f4d8ff8a000 r--s 0000b000 08:05 22116                      /home/khaled/Downloads/Programms/android-studio/gradle/gradle-2.14.1/lib/plugins/wagon-provider-api-2.4.jar
7f4d8ff8a000-7f4d8ff8b000 r--s 00003000 08:05 22096                      /home/khaled/Downloads/Programms/android-studio/gradle/gradle-2.14.1/lib/plugins/aether-spi-1.13.1.jar
7f4d8ff8b000-7f4d8ff8f000 r--s 0001c000 08:05 22156                      /home/khaled/Downloads/Programms/android-studio/gradle/gradle-2.14.1/lib/plugins/aether-util-1.13.1.jar
7f4d8ff8f000-7f4d8ff92000 r--s 0001d000 08:05 22136                      /home/khaled/Downloads/Programms/android-studio/gradle/gradle-2.14.1/lib/plugins/aether-impl-1.13.1.jar
7f4d8ff92000-7f4d8ff93000 r--s 00006000 08:05 22141                      /home/khaled/Downloads/Programms/android-studio/gradle/gradle-2.14.1/lib/plugins/plexus-sec-dispatcher-1.3.jar
7f4d8ff93000-7f4d8ff98000 r--s 00040000 08:05 22097                      /home/khaled/Downloads/Programms/android-studio/gradle/gradle-2.14.1/lib/plugins/jsch-0.1.53.jar
7f4d8ff98000-7f4d8ffd8000 r--s 00277000 08:05 22099                      /home/khaled/Downloads/Programms/android-studio/gradle/gradle-2.14.1/lib/plugins/bcprov-jdk15on-1.51.jar
7f4d8ffd8000-7f4d8ffe4000 r--s 0007d000 08:05 22143                      /home/khaled/Downloads/Programms/android-studio/gradle/gradle-2.14.1/lib/plugins/maven-core-3.0.4.jar
7f4d8ffe4000-7f4d90000000 r--s 000d3000 08:05 21751                      /home/khaled/Downloads/Programms/android-studio/gradle/gradle-2.14.1/lib/plugins/gradle-dependency-management-2.14.1.jar
7f4d90000000-7f4d90fe8000 rw-p 00000000 00:00 0 
7f4d90fe8000-7f4d94000000 ---p 00000000 00:00 0 
7f4d94000000-7f4d94021000 rw-p 00000000 00:00 0 
7f4d94021000-7f4d98000000 ---p 00000000 00:00 0 
7f4d98000000-7f4d99ffb000 rw-p 00000000 00:00 0 
7f4d99ffb000-7f4d9c000000 ---p 00000000 00:00 0 
7f4d9c000000-7f4d9dff2000 rw-p 00000000 00:00 0 
7f4d9dff2000-7f4da0000000 ---p 00000000 00:00 0 
7f4da0000000-7f4da0021000 rw-p 00000000 00:00 0 
7f4da0021000-7f4da4000000 ---p 00000000 00:00 0 
7f4da4000000-7f4da4021000 rw-p 00000000 00:00 0 
7f4da4021000-7f4da8000000 ---p 00000000 00:00 0 
7f4da8000000-7f4da80e2000 rw-p 00000000 00:00 0 
7f4da80e2000-7f4dac000000 ---p 00000000 00:00 0 
7f4dac000000-7f4dac021000 rw-p 00000000 00:00 0 
7f4dac021000-7f4db0000000 ---p 00000000 00:00 0 
7f4db0000000-7f4db003a000 rw-p 00000000 00:00 0 
7f4db003a000-7f4db4000000 ---p 00000000 00:00 0 
7f4db4000000-7f4db4133000 rw-p 00000000 00:00 0 
7f4db4133000-7f4db8000000 ---p 00000000 00:00 0 
7f4db8000000-7f4db8021000 rw-p 00000000 00:00 0 
7f4db8021000-7f4dbc000000 ---p 00000000 00:00 0 
7f4dbc000000-7f4dbc004000 r--s 0001d000 08:05 22126                      /home/khaled/Downloads/Programms/android-studio/gradle/gradle-2.14.1/lib/plugins/xbean-reflect-3.4.jar
7f4dbc004000-7f4dbc009000 r--s 0002a000 08:05 22122                      /home/khaled/Downloads/Programms/android-studio/gradle/gradle-2.14.1/lib/plugins/gson-2.2.4.jar
7f4dbc009000-7f4dbc018000 r--s 000d9000 08:05 22107                      /home/khaled/Downloads/Programms/android-studio/gradle/gradle-2.14.1/lib/plugins/ivy-2.2.0.jar
7f4dbc018000-7f4dbc01c000 r-xp 00000000 08:05 800106                     /home/khaled/.gradle/native/19/linux-amd64/libnative-platform.so
7f4dbc01c000-7f4dbc21b000 ---p 00004000 08:05 800106                     /home/khaled/.gradle/native/19/linux-amd64/libnative-platform.so
7f4dbc21b000-7f4dbc21c000 rw-p 00003000 08:05 800106                     /home/khaled/.gradle/native/19/linux-amd64/libnative-platform.so
7f4dbc21c000-7f4dbc22d000 r-xp 00000000 08:05 669770                     /usr/lib/jvm/java-8-openjdk-amd64/jre/lib/amd64/libnio.so
7f4dbc22d000-7f4dbc42d000 ---p 00011000 08:05 669770                     /usr/lib/jvm/java-8-openjdk-amd64/jre/lib/amd64/libnio.so
7f4dbc42d000-7f4dbc42e000 r--p 00011000 08:05 669770                     /usr/lib/jvm/java-8-openjdk-amd64/jre/lib/amd64/libnio.so
7f4dbc42e000-7f4dbc42f000 rw-p 00012000 08:05 669770                     /usr/lib/jvm/java-8-openjdk-amd64/jre/lib/amd64/libnio.so
7f4dbc42f000-7f4dbc730000 rw-p 00000000 00:00 0 
7f4dbc730000-7f4dbc747000 r-xp 00000000 08:05 669762                     /usr/lib/jvm/java-8-openjdk-amd64/jre/lib/amd64/libnet.so
7f4dbc747000-7f4dbc946000 ---p 00017000 08:05 669762                     /usr/lib/jvm/java-8-openjdk-amd64/jre/lib/amd64/libnet.so
7f4dbc946000-7f4dbc947000 r--p 00016000 08:05 669762                     /usr/lib/jvm/java-8-openjdk-amd64/jre/lib/amd64/libnet.so
7f4dbc947000-7f4dbc948000 rw-p 00017000 08:05 669762                     /usr/lib/jvm/java-8-openjdk-amd64/jre/lib/amd64/libnet.so
7f4dbc948000-7f4dbc94a000 r--s 00005000 08:05 21719                      /home/khaled/Downloads/Programms/android-studio/gradle/gradle-2.14.1/lib/gradle-wrapper-2.14.1.jar
7f4dbc94a000-7f4dbc958000 r--s 0004f000 08:05 21711                      /home/khaled/Downloads/Programms/android-studio/gradle/gradle-2.14.1/lib/gradle-tooling-api-2.14.1.jar
7f4dbc958000-7f4dbc95a000 r--s 00002000 08:05 21714                      /home/khaled/Downloads/Programms/android-studio/gradle/gradle-2.14.1/lib/gradle-open-api-2.14.1.jar
7f4dbc95a000-7f4dbc960000 r--s 00032000 08:05 22090                      /home/khaled/Downloads/Programms/android-studio/gradle/gradle-2.14.1/lib/jaxen-1.1.jar
7f4dbc960000-7f4dbc965000 r--s 00048000 08:05 22070                      /home/khaled/Downloads/Programms/android-studio/gradle/gradle-2.14.1/lib/dom4j-1.6.1.jar
7f4dbc965000-7f4dbc970000 r--s 00059000 08:05 21728                      /home/khaled/Downloads/Programms/android-studio/gradle/gradle-2.14.1/lib/gradle-ui-2.14.1.jar
7f4dbc970000-7f4dbc973000 r--s 0000b000 08:05 21778                      /home/khaled/Downloads/Programms/android-studio/gradle/gradle-2.14.1/lib/gradle-resources-2.14.1.jar
7f4dbc973000-7f4dbc975000 r--s 00003000 08:05 22092                      /home/khaled/Downloads/Programms/android-studio/gradle/gradle-2.14.1/lib/jcl-over-slf4j-1.7.10.jar
7f4dbc975000-7f4dbc976000 r--s 00005000 08:05 22087                      /home/khaled/Downloads/Programms/android-studio/gradle/gradle-2.14.1/lib/log4j-over-slf4j-1.7.10.jar
7f4dbc976000-7f4dbc978000 r--s 00000000 08:05 22164                      /home/khaled/Downloads/Programms/android-studio/gradle/gradle-2.14.1/lib/jul-to-slf4j-1.7.10.jar
7f4dbc978000-7f4dbc97d000 r--s 0001c000 08:05 21717                      /home/khaled/Downloads/Programms/android-studio/gradle/gradle-2.14.1/lib/gradle-logging-2.14.1.jar
7f4dbc97d000-7f4dbc97f000 r--s 00007000 08:05 22093                      /home/khaled/Downloads/Programms/android-studio/gradle/gradle-2.14.1/lib/objenesis-1.2.jar
7f4dbc97f000-7f4dbc981000 r--s 00000000 08:05 22073                      /home/khaled/Downloads/Programms/android-studio/gradle/gradle-2.14.1/lib/minlog-1.2.jar
7f4dbc981000-7f4dbc985000 r--s 00026000 08:05 22085                      /home/khaled/Downloads/Programms/android-studio/gradle/gradle-2.14.1/lib/kryo-2.20.jar
7f4dbc985000-7f4dbc98b000 r--s 00025000 08:05 21713                      /home/khaled/Downloads/Programms/android-studio/gradle/gradle-2.14.1/lib/gradle-messaging-2.14.1.jar
7f4dbc98b000-7f4dbc9fa000 r--s 0063e000 08:05 22166                      /home/khaled/Downloads/Programms/android-studio/gradle/gradle-2.14.1/lib/groovy-all-2.4.4.jar
7f4dbc9fa000-7f4dbc9fb000 ---p 00000000 00:00 0 
7f4dbc9fb000-7f4dbcafb000 rw-p 00000000 00:00 0 
7f4dbcafb000-7f4dbcafe000 ---p 00000000 00:00 0 
7f4dbcafe000-7f4dbcbfc000 rw-p 00000000 00:00 0 
7f4dbcbfc000-7f4dbcbff000 ---p 00000000 00:00 0 
7f4dbcbff000-7f4dbccfd000 rw-p 00000000 00:00 0 
7f4dbccfd000-7f4dbcd00000 ---p 00000000 00:00 0 
7f4dbcd00000-7f4dbcdfe000 rw-p 00000000 00:00 0 
7f4dbcdfe000-7f4dbce01000 ---p 00000000 00:00 0 
7f4dbce01000-7f4dbceff000 rw-p 00000000 00:00 0 
7f4dbceff000-7f4dbcf02000 ---p 00000000 00:00 0 
7f4dbcf02000-7f4dc0000000 rw-p 00000000 00:00 0 
7f4dc0000000-7f4dc0049000 rw-p 00000000 00:00 0 
7f4dc0049000-7f4dc4000000 ---p 00000000 00:00 0 
7f4dc4000000-7f4dc4002000 r--s 0000f000 08:05 22079                      /home/khaled/Downloads/Programms/android-studio/gradle/gradle-2.14.1/lib/reflectasm-1.07-shaded.jar
7f4dc4002000-7f4dc4003000 r--s 00003000 08:05 22091                      /home/khaled/Downloads/Programms/android-studio/gradle/gradle-2.14.1/lib/native-platform-freebsd-amd64-0.10.jar
7f4dc4003000-7f4dc4004000 r--s 00003000 08:05 22080                      /home/khaled/Downloads/Programms/android-studio/gradle/gradle-2.14.1/lib/native-platform-freebsd-i386-0.10.jar
7f4dc4004000-7f4dc4005000 r--s 00005000 08:05 22075                      /home/khaled/Downloads/Programms/android-studio/gradle/gradle-2.14.1/lib/native-platform-windows-i386-0.10.jar
7f4dc4005000-7f4dc4006000 r--s 00005000 08:05 22074                      /home/khaled/Downloads/Programms/android-studio/gradle/gradle-2.14.1/lib/native-platform-windows-amd64-0.10.jar
7f4dc4006000-7f4dc4007000 r--s 00003000 08:05 22081                      /home/khaled/Downloads/Programms/android-studio/gradle/gradle-2.14.1/lib/native-platform-linux-i386-0.10.jar
7f4dc4007000-7f4dc4008000 r--s 00003000 08:05 22072                      /home/khaled/Downloads/Programms/android-studio/gradle/gradle-2.14.1/lib/native-platform-linux-amd64-0.10.jar
7f4dc4008000-7f4dc4009000 r--s 00002000 08:05 22071                      /home/khaled/Downloads/Programms/android-studio/gradle/gradle-2.14.1/lib/native-platform-osx-amd64-0.10.jar
7f4dc4009000-7f4dc400a000 r--s 00002000 08:05 22088                      /home/khaled/Downloads/Programms/android-studio/gradle/gradle-2.14.1/lib/native-platform-osx-i386-0.10.jar
7f4dc400a000-7f4dc400c000 r--s 00008000 08:05 22089                      /home/khaled/Downloads/Programms/android-studio/gradle/gradle-2.14.1/lib/jansi-1.2.1.jar
7f4dc400c000-7f4dc400f000 r--s 0000d000 08:05 22084                      /home/khaled/Downloads/Programms/android-studio/gradle/gradle-2.14.1/lib/native-platform-0.10.jar
7f4dc400f000-7f4dc4013000 r--s 000e4000 08:05 22083                      /home/khaled/Downloads/Programms/android-studio/gradle/gradle-2.14.1/lib/jna-3.2.7.jar
7f4dc4013000-7f4dc4015000 r--s 00009000 08:05 21730                      /home/khaled/Downloads/Programms/android-studio/gradle/gradle-2.14.1/lib/gradle-native-2.14.1.jar
7f4dc4015000-7f4dc4017000 r--s 00005000 08:05 21731                      /home/khaled/Downloads/Programms/android-studio/gradle/gradle-2.14.1/lib/gradle-cli-2.14.1.jar
7f4dc4017000-7f4dc4019000 r--s 00007000 08:05 21716                      /home/khaled/Downloads/Programms/android-studio/gradle/gradle-2.14.1/lib/gradle-model-groovy-2.14.1.jar
7f4dc4019000-7f4dc401a000 r--s 00006000 08:05 21725                      /home/khaled/Downloads/Programms/android-studio/gradle/gradle-2.14.1/lib/gradle-base-services-groovy-2.14.1.jar
7f4dc401a000-7f4dc4029000 r--s 00080000 08:05 21726                      /home/khaled/Downloads/Programms/android-studio/gradle/gradle-2.14.1/lib/gradle-model-core-2.14.1.jar
7f4dc4029000-7f4dc402a000 r--s 00002000 08:05 21721                      /home/khaled/Downloads/Programms/android-studio/gradle/gradle-2.14.1/lib/gradle-docs-2.14.1.jar
7f4dc402a000-7f4dc402b000 r--s 00000000 08:05 22165                      /home/khaled/Downloads/Programms/android-studio/gradle/gradle-2.14.1/lib/javax.inject-1.jar
7f4dc402b000-7f4dc402f000 r--s 00027000 08:05 22086                      /home/khaled/Downloads/Programms/android-studio/gradle/gradle-2.14.1/lib/commons-io-2.2.jar
7f4dc402f000-7f4dc403c000 r--s 00083000 08:05 21779                      /home/khaled/Downloads/Programms/android-studio/gradle/gradle-2.14.1/lib/commons-collections-3.2.2.jar
7f4dc403c000-7f4dc4041000 r--s 00038000 08:05 21723                      /home/khaled/Downloads/Programms/android-studio/gradle/gradle-2.14.1/lib/asm-all-5.1.jar
7f4dc4041000-7f4dc4046000 r--s 00041000 08:05 22082                      /home/khaled/Downloads/Programms/android-studio/gradle/gradle-2.14.1/lib/commons-lang-2.6.jar
7f4dc4046000-7f4dc406e000 r--s 001cf000 08:05 22077                      /home/khaled/Downloads/Programms/android-studio/gradle/gradle-2.14.1/lib/guava-jdk5-17.0.jar
7f4dc406e000-7f4dc408d000 r--s 001d1000 08:05 21718                      /home/khaled/Downloads/Programms/android-studio/gradle/gradle-2.14.1/lib/ant-1.9.6.jar
7f4dc408d000-7f4dc40c4000 r--s 001bd000 08:05 21720                      /home/khaled/Downloads/Programms/android-studio/gradle/gradle-2.14.1/lib/gradle-core-2.14.1.jar
7f4dc40c4000-7f4dc40df000 r--s 00394000 08:05 669803                     /usr/lib/jvm/java-8-openjdk-amd64/jre/lib/ext/cldrdata.jar
7f4dc40df000-7f4dc40fa000 r--s 001d6000 08:05 669799                     /usr/lib/jvm/java-8-openjdk-amd64/jre/lib/ext/nashorn.jar
7f4dc40fa000-7f4dc43d3000 r--p 00000000 08:05 655740                     /usr/lib/locale/locale-archive
7f4dc43d3000-7f4dc43d6000 ---p 00000000 00:00 0 
7f4dc43d6000-7f4dc44d4000 rw-p 00000000 00:00 0 
7f4dc44d4000-7f4dc44d7000 ---p 00000000 00:00 0 
7f4dc44d7000-7f4dc45d5000 rw-p 00000000 00:00 0 
7f4dc45d5000-7f4dc45d6000 ---p 00000000 00:00 0 
7f4dc45d6000-7f4dc5000000 rw-p 00000000 00:00 0 
7f4dc5000000-7f4dc7b00000 rwxp 00000000 00:00 0 
7f4dc7b00000-7f4dd4000000 ---p 00000000 00:00 0 
7f4dd4000000-7f4dd4bbf000 rw-p 00000000 00:00 0 
7f4dd4bbf000-7f4dd8000000 ---p 00000000 00:00 0 
7f4dd8000000-7f4dd8001000 r--s 00000000 08:05 22078                      /home/khaled/Downloads/Programms/android-studio/gradle/gradle-2.14.1/lib/jcip-annotations-1.0.jar
7f4dd8001000-7f4dd8009000 r--s 0003a000 08:05 21724                      /home/khaled/Downloads/Programms/android-studio/gradle/gradle-2.14.1/lib/gradle-base-services-2.14.1.jar
7f4dd8009000-7f4dd86bf000 rw-p 00000000 00:00 0 
7f4dd86bf000-7f4dd888d000 r--s 03c06000 08:05 669814                     /usr/lib/jvm/java-8-openjdk-amd64/jre/lib/rt.jar
7f4dd888d000-7f4dd9403000 rw-p 00000000 00:00 0 
7f4dd9403000-7f4dd9404000 ---p 00000000 00:00 0 
7f4dd9404000-7f4dd9504000 rw-p 00000000 00:00 0 
7f4dd9504000-7f4dd9505000 ---p 00000000 00:00 0 
7f4dd9505000-7f4dd9605000 rw-p 00000000 00:00 0 
7f4dd9605000-7f4dd9606000 ---p 00000000 00:00 0 
7f4dd9606000-7f4dd9706000 rw-p 00000000 00:00 0 
7f4dd9706000-7f4dd9707000 ---p 00000000 00:00 0 
7f4dd9707000-7f4dd999b000 rw-p 00000000 00:00 0 
7f4dd999b000-7f4dd9a07000 ---p 00000000 00:00 0 
7f4dd9a07000-7f4dd9b9b000 rw-p 00000000 00:00 0 
7f4dd9b9b000-7f4dd9c07000 ---p 00000000 00:00 0 
7f4dd9c07000-7f4dd9d07000 rw-p 00000000 00:00 0 
7f4dd9d07000-7f4dd9db4000 rw-p 00000000 00:00 0 
7f4dd9db4000-7f4dda0c8000 ---p 00000000 00:00 0 
7f4dda0c8000-7f4dda0d0000 r-xp 00000000 08:05 669760                     /usr/lib/jvm/java-8-openjdk-amd64/jre/lib/amd64/libzip.so
7f4dda0d0000-7f4dda2cf000 ---p 00008000 08:05 669760                     /usr/lib/jvm/java-8-openjdk-amd64/jre/lib/amd64/libzip.so
7f4dda2cf000-7f4dda2d0000 r--p 00007000 08:05 669760                     /usr/lib/jvm/java-8-openjdk-amd64/jre/lib/amd64/libzip.so
7f4dda2d0000-7f4dda2d1000 rw-p 00008000 08:05 669760                     /usr/lib/jvm/java-8-openjdk-amd64/jre/lib/amd64/libzip.so
7f4dda2d1000-7f4dda2dc000 r-xp 00000000 08:05 1202453                    /lib/x86_64-linux-gnu/libnss_files-2.23.so
7f4dda2dc000-7f4dda4db000 ---p 0000b000 08:05 1202453                    /lib/x86_64-linux-gnu/libnss_files-2.23.so
7f4dda4db000-7f4dda4dc000 r--p 0000a000 08:05 1202453                    /lib/x86_64-linux-gnu/libnss_files-2.23.so
7f4dda4dc000-7f4dda4dd000 rw-p 0000b000 08:05 1202453                    /lib/x86_64-linux-gnu/libnss_files-2.23.so
7f4dda4dd000-7f4dda4e3000 rw-p 00000000 00:00 0 
7f4dda4e3000-7f4dda4ee000 r-xp 00000000 08:05 1202414                    /lib/x86_64-linux-gnu/libnss_nis-2.23.so
7f4dda4ee000-7f4dda6ed000 ---p 0000b000 08:05 1202414                    /lib/x86_64-linux-gnu/libnss_nis-2.23.so
7f4dda6ed000-7f4dda6ee000 r--p 0000a000 08:05 1202414                    /lib/x86_64-linux-gnu/libnss_nis-2.23.so
7f4dda6ee000-7f4dda6ef000 rw-p 0000b000 08:05 1202414                    /lib/x86_64-linux-gnu/libnss_nis-2.23.so
7f4dda6ef000-7f4dda705000 r-xp 00000000 08:05 1202439                    /lib/x86_64-linux-gnu/libnsl-2.23.so
7f4dda705000-7f4dda904000 ---p 00016000 08:05 1202439                    /lib/x86_64-linux-gnu/libnsl-2.23.so
7f4dda904000-7f4dda905000 r--p 00015000 08:05 1202439                    /lib/x86_64-linux-gnu/libnsl-2.23.so
7f4dda905000-7f4dda906000 rw-p 00016000 08:05 1202439                    /lib/x86_64-linux-gnu/libnsl-2.23.so
7f4dda906000-7f4dda908000 rw-p 00000000 00:00 0 
7f4dda908000-7f4dda910000 r-xp 00000000 08:05 1202441                    /lib/x86_64-linux-gnu/libnss_compat-2.23.so
7f4dda910000-7f4ddab0f000 ---p 00008000 08:05 1202441                    /lib/x86_64-linux-gnu/libnss_compat-2.23.so
7f4ddab0f000-7f4ddab10000 r--p 00007000 08:05 1202441                    /lib/x86_64-linux-gnu/libnss_compat-2.23.so
7f4ddab10000-7f4ddab11000 rw-p 00008000 08:05 1202441                    /lib/x86_64-linux-gnu/libnss_compat-2.23.so
7f4ddab11000-7f4ddab3e000 r-xp 00000000 08:05 669787                     /usr/lib/jvm/java-8-openjdk-amd64/jre/lib/amd64/libjava.so
7f4ddab3e000-7f4ddad3d000 ---p 0002d000 08:05 669787                     /usr/lib/jvm/java-8-openjdk-amd64/jre/lib/amd64/libjava.so
7f4ddad3d000-7f4ddad3e000 r--p 0002c000 08:05 669787                     /usr/lib/jvm/java-8-openjdk-amd64/jre/lib/amd64/libjava.so
7f4ddad3e000-7f4ddad40000 rw-p 0002d000 08:05 669787                     /usr/lib/jvm/java-8-openjdk-amd64/jre/lib/amd64/libjava.so
7f4ddad40000-7f4ddad4f000 r-xp 00000000 08:05 669747                     /usr/lib/jvm/java-8-openjdk-amd64/jre/lib/amd64/libverify.so
7f4ddad4f000-7f4ddaf4e000 ---p 0000f000 08:05 669747                     /usr/lib/jvm/java-8-openjdk-amd64/jre/lib/amd64/libverify.so
7f4ddaf4e000-7f4ddaf50000 r--p 0000e000 08:05 669747                     /usr/lib/jvm/java-8-openjdk-amd64/jre/lib/amd64/libverify.so
7f4ddaf50000-7f4ddaf51000 rw-p 00010000 08:05 669747                     /usr/lib/jvm/java-8-openjdk-amd64/jre/lib/amd64/libverify.so
7f4ddaf51000-7f4ddaf58000 r-xp 00000000 08:05 1202409                    /lib/x86_64-linux-gnu/librt-2.23.so
7f4ddaf58000-7f4ddb157000 ---p 00007000 08:05 1202409                    /lib/x86_64-linux-gnu/librt-2.23.so
7f4ddb157000-7f4ddb158000 r--p 00006000 08:05 1202409                    /lib/x86_64-linux-gnu/librt-2.23.so
7f4ddb158000-7f4ddb159000 rw-p 00007000 08:05 1202409                    /lib/x86_64-linux-gnu/librt-2.23.so
7f4ddb159000-7f4ddb16f000 r-xp 00000000 08:05 1182636                    /lib/x86_64-linux-gnu/libgcc_s.so.1
7f4ddb16f000-7f4ddb36e000 ---p 00016000 08:05 1182636                    /lib/x86_64-linux-gnu/libgcc_s.so.1
7f4ddb36e000-7f4ddb36f000 rw-p 00015000 08:05 1182636                    /lib/x86_64-linux-gnu/libgcc_s.so.1
7f4ddb36f000-7f4ddb477000 r-xp 00000000 08:05 1202435                    /lib/x86_64-linux-gnu/libm-2.23.so
7f4ddb477000-7f4ddb676000 ---p 00108000 08:05 1202435                    /lib/x86_64-linux-gnu/libm-2.23.so
7f4ddb676000-7f4ddb677000 r--p 00107000 08:05 1202435                    /lib/x86_64-linux-gnu/libm-2.23.so
7f4ddb677000-7f4ddb678000 rw-p 00108000 08:05 1202435                    /lib/x86_64-linux-gnu/libm-2.23.so
7f4ddb678000-7f4ddb7ea000 r-xp 00000000 08:05 656814                     /usr/lib/x86_64-linux-gnu/libstdc++.so.6.0.21
7f4ddb7ea000-7f4ddb9ea000 ---p 00172000 08:05 656814                     /usr/lib/x86_64-linux-gnu/libstdc++.so.6.0.21
7f4ddb9ea000-7f4ddb9f4000 r--p 00172000 08:05 656814                     /usr/lib/x86_64-linux-gnu/libstdc++.so.6.0.21
7f4ddb9f4000-7f4ddb9f6000 rw-p 0017c000 08:05 656814                     /usr/lib/x86_64-linux-gnu/libstdc++.so.6.0.21
7f4ddb9f6000-7f4ddb9fa000 rw-p 00000000 00:00 0 
7f4ddb9fa000-7f4ddc64a000 r-xp 00000000 08:05 669781                     /usr/lib/jvm/java-8-openjdk-amd64/jre/lib/amd64/server/libjvm.so
7f4ddc64a000-7f4ddc849000 ---p 00c50000 08:05 669781                     /usr/lib/jvm/java-8-openjdk-amd64/jre/lib/amd64/server/libjvm.so
7f4ddc849000-7f4ddc8dc000 r--p 00c4f000 08:05 669781                     /usr/lib/jvm/java-8-openjdk-amd64/jre/lib/amd64/server/libjvm.so
7f4ddc8dc000-7f4ddc905000 rw-p 00ce2000 08:05 669781                     /usr/lib/jvm/java-8-openjdk-amd64/jre/lib/amd64/server/libjvm.so
7f4ddc905000-7f4ddc935000 rw-p 00000000 00:00 0 
7f4ddc935000-7f4ddc94d000 r-xp 00000000 08:05 1202437                    /lib/x86_64-linux-gnu/libpthread-2.23.so
7f4ddc94d000-7f4ddcb4c000 ---p 00018000 08:05 1202437                    /lib/x86_64-linux-gnu/libpthread-2.23.so
7f4ddcb4c000-7f4ddcb4d000 r--p 00017000 08:05 1202437                    /lib/x86_64-linux-gnu/libpthread-2.23.so
7f4ddcb4d000-7f4ddcb4e000 rw-p 00018000 08:05 1202437                    /lib/x86_64-linux-gnu/libpthread-2.23.so
7f4ddcb4e000-7f4ddcb52000 rw-p 00000000 00:00 0 
7f4ddcb52000-7f4ddcb55000 r-xp 00000000 08:05 1202423                    /lib/x86_64-linux-gnu/libdl-2.23.so
7f4ddcb55000-7f4ddcd54000 ---p 00003000 08:05 1202423                    /lib/x86_64-linux-gnu/libdl-2.23.so
7f4ddcd54000-7f4ddcd55000 r--p 00002000 08:05 1202423                    /lib/x86_64-linux-gnu/libdl-2.23.so
7f4ddcd55000-7f4ddcd56000 rw-p 00003000 08:05 1202423                    /lib/x86_64-linux-gnu/libdl-2.23.so
7f4ddcd56000-7f4ddcd6f000 r-xp 00000000 08:05 1182789                    /lib/x86_64-linux-gnu/libz.so.1.2.8
7f4ddcd6f000-7f4ddcf6e000 ---p 00019000 08:05 1182789                    /lib/x86_64-linux-gnu/libz.so.1.2.8
7f4ddcf6e000-7f4ddcf6f000 r--p 00018000 08:05 1182789                    /lib/x86_64-linux-gnu/libz.so.1.2.8
7f4ddcf6f000-7f4ddcf70000 rw-p 00019000 08:05 1182789                    /lib/x86_64-linux-gnu/libz.so.1.2.8
7f4ddcf70000-7f4ddd12f000 r-xp 00000000 08:05 1202425                    /lib/x86_64-linux-gnu/libc-2.23.so
7f4ddd12f000-7f4ddd32f000 ---p 001bf000 08:05 1202425                    /lib/x86_64-linux-gnu/libc-2.23.so
7f4ddd32f000-7f4ddd333000 r--p 001bf000 08:05 1202425                    /lib/x86_64-linux-gnu/libc-2.23.so
7f4ddd333000-7f4ddd335000 rw-p 001c3000 08:05 1202425                    /lib/x86_64-linux-gnu/libc-2.23.so
7f4ddd335000-7f4ddd339000 rw-p 00000000 00:00 0 
7f4ddd339000-7f4ddd346000 r-xp 00000000 08:05 669775                     /usr/lib/jvm/java-8-openjdk-amd64/jre/lib/amd64/jli/libjli.so
7f4ddd346000-7f4ddd546000 ---p 0000d000 08:05 669775                     /usr/lib/jvm/java-8-openjdk-amd64/jre/lib/amd64/jli/libjli.so
7f4ddd546000-7f4ddd547000 r--p 0000d000 08:05 669775                     /usr/lib/jvm/java-8-openjdk-amd64/jre/lib/amd64/jli/libjli.so
7f4ddd547000-7f4ddd548000 rw-p 0000e000 08:05 669775                     /usr/lib/jvm/java-8-openjdk-amd64/jre/lib/amd64/jli/libjli.so
7f4ddd548000-7f4ddd56e000 r-xp 00000000 08:05 1194300                    /lib/x86_64-linux-gnu/ld-2.23.so
7f4ddd56e000-7f4ddd56f000 r--s 00001000 08:05 21729                      /home/khaled/Downloads/Programms/android-studio/gradle/gradle-2.14.1/lib/gradle-process-services-2.14.1.jar
7f4ddd56f000-7f4ddd570000 r--s 00000000 08:05 21712                      /home/khaled/Downloads/Programms/android-studio/gradle/gradle-2.14.1/lib/gradle-jvm-services-2.14.1.jar
7f4ddd570000-7f4ddd571000 r--s 00007000 08:05 22076                      /home/khaled/Downloads/Programms/android-studio/gradle/gradle-2.14.1/lib/slf4j-api-1.7.10.jar
7f4ddd571000-7f4ddd57c000 r--s 00051000 08:05 21722                      /home/khaled/Downloads/Programms/android-studio/gradle/gradle-2.14.1/lib/gradle-launcher-2.14.1.jar
7f4ddd57c000-7f4ddd580000 r--s 00037000 08:05 669805                     /usr/lib/jvm/java-8-openjdk-amd64/jre/lib/ext/sunpkcs11.jar
7f4ddd580000-7f4ddd642000 rw-p 00000000 00:00 0 
7f4ddd642000-7f4ddd645000 ---p 00000000 00:00 0 
7f4ddd645000-7f4ddd748000 rw-p 00000000 00:00 0 
7f4ddd748000-7f4ddd749000 r--s 00004000 08:05 21727                      /home/khaled/Downloads/Programms/android-studio/gradle/gradle-2.14.1/lib/ant-launcher-1.9.6.jar
7f4ddd749000-7f4ddd74a000 r--s 00010000 08:05 669804                     /usr/lib/jvm/java-8-openjdk-amd64/jre/lib/ext/zipfs.jar
7f4ddd74a000-7f4ddd74c000 r--s 00008000 08:05 669798                     /usr/lib/jvm/java-8-openjdk-amd64/jre/lib/ext/sunec.jar
7f4ddd74c000-7f4ddd756000 r--s 00116000 08:05 669806                     /usr/lib/jvm/java-8-openjdk-amd64/jre/lib/ext/localedata.jar
7f4ddd756000-7f4ddd75b000 r--s 0003b000 08:05 669807                     /usr/lib/jvm/java-8-openjdk-amd64/jre/lib/ext/sunjce_provider.jar
7f4ddd75b000-7f4ddd75c000 r--s 0000a000 08:05 669808                     /usr/lib/jvm/java-8-openjdk-amd64/jre/lib/ext/jaccess.jar
7f4ddd75c000-7f4ddd75f000 r--s 0000f000 08:05 669802                     /usr/lib/jvm/java-8-openjdk-amd64/jre/lib/ext/icedtea-sound.jar
7f4ddd75f000-7f4ddd761000 r--s 00001000 08:05 669801                     /usr/lib/jvm/java-8-openjdk-amd64/jre/lib/ext/dnsns.jar
7f4ddd761000-7f4ddd769000 rw-s 00000000 08:05 1197523                    /tmp/hsperfdata_khaled/14985
7f4ddd769000-7f4ddd76a000 rw-p 00000000 00:00 0 
7f4ddd76a000-7f4ddd76b000 ---p 00000000 00:00 0 
7f4ddd76b000-7f4ddd76d000 rw-p 00000000 00:00 0 
7f4ddd76d000-7f4ddd76e000 r--p 00025000 08:05 1194300                    /lib/x86_64-linux-gnu/ld-2.23.so
7f4ddd76e000-7f4ddd76f000 rw-p 00026000 08:05 1194300                    /lib/x86_64-linux-gnu/ld-2.23.so
7f4ddd76f000-7f4ddd770000 rw-p 00000000 00:00 0 
7fff8a2a3000-7fff8a2c4000 rw-p 00000000 00:00 0                          [stack]
7fff8a3d6000-7fff8a3d8000 r--p 00000000 00:00 0                          [vvar]
7fff8a3d8000-7fff8a3da000 r-xp 00000000 00:00 0                          [vdso]
ffffffffff600000-ffffffffff601000 r-xp 00000000 00:00 0                  [vsyscall]

VM Arguments:
jvm_args: -Xmx1536m -Dfile.encoding=UTF-8 -Duser.country=US -Duser.language=en -Duser.variant 
java_command: org.gradle.launcher.daemon.bootstrap.GradleDaemon 2.14.1
java_class_path (initial): /home/khaled/Downloads/Programms/android-studio/gradle/gradle-2.14.1/lib/gradle-launcher-2.14.1.jar
Launcher Type: SUN_STANDARD

Environment Variables:
PATH=/usr/local/sbin:/usr/local/bin:/usr/sbin:/usr/bin:/sbin:/bin:/usr/games:/usr/local/games:/snap/bin
LD_LIBRARY_PATH=/home/khaled/Downloads/Programms/android-studio/bin:
SHELL=/bin/bash
DISPLAY=:0

Signal Handlers:
SIGSEGV: [libjvm.so+0xa66fd0], sa_mask[0]=11111111011111111101111111111110, sa_flags=SA_RESTART|SA_SIGINFO
SIGBUS: [libjvm.so+0xa66fd0], sa_mask[0]=11111111011111111101111111111110, sa_flags=SA_RESTART|SA_SIGINFO
SIGFPE: [libjvm.so+0x8b0180], sa_mask[0]=11111111011111111101111111111110, sa_flags=SA_RESTART|SA_SIGINFO
SIGPIPE: [libjvm.so+0x8b0180], sa_mask[0]=11111111011111111101111111111110, sa_flags=SA_RESTART|SA_SIGINFO
SIGXFSZ: [libjvm.so+0x8b0180], sa_mask[0]=11111111011111111101111111111110, sa_flags=SA_RESTART|SA_SIGINFO
SIGILL: [libjvm.so+0x8b0180], sa_mask[0]=11111111011111111101111111111110, sa_flags=SA_RESTART|SA_SIGINFO
SIGUSR1: SIG_DFL, sa_mask[0]=00000000000000000000000000000000, sa_flags=none
SIGUSR2: [libjvm.so+0x8b0030], sa_mask[0]=00100000000000000000000000000000, sa_flags=SA_RESTART|SA_SIGINFO
SIGHUP: [libjvm.so+0x8b0500], sa_mask[0]=11111111011111111101111111111110, sa_flags=SA_RESTART|SA_SIGINFO
SIGINT: [libjvm.so+0x8b0500], sa_mask[0]=11111111011111111101111111111110, sa_flags=SA_RESTART|SA_SIGINFO
SIGTERM: [libjvm.so+0x8b0500], sa_mask[0]=11111111011111111101111111111110, sa_flags=SA_RESTART|SA_SIGINFO
SIGQUIT: [libjvm.so+0x8b0500], sa_mask[0]=11111111011111111101111111111110, sa_flags=SA_RESTART|SA_SIGINFO


---------------  S Y S T E M  ---------------

OS:DISTRIB_ID=Ubuntu
DISTRIB_RELEASE=16.04
DISTRIB_CODENAME=xenial
DISTRIB_DESCRIPTION="Ubuntu 16.04.2 LTS"

uname:Linux 4.4.0-63-generic #84-Ubuntu SMP Wed Feb 1 17:20:32 UTC 2017 x86_64
libc:glibc 2.23 NPTL 2.23 
rlimit: STACK 8192k, CORE 0k, NPROC 23177, NOFILE 65536, AS infinity
load average:3.40 1.36 0.86

/proc/meminfo:
MemTotal:        5973688 kB
MemFree:          187616 kB
MemAvailable:     139488 kB
Buffers:           10596 kB
Cached:           423508 kB
SwapCached:            0 kB
Active:          5241668 kB
Inactive:         347280 kB
Active(anon):    5182876 kB
Inactive(anon):   289020 kB
Active(file):      58792 kB
Inactive(file):    58260 kB
Unevictable:          48 kB
Mlocked:              48 kB
SwapTotal:             0 kB
SwapFree:              0 kB
Dirty:              1592 kB
Writeback:             0 kB
AnonPages:       5154624 kB
Mapped:           167312 kB
Shmem:            317032 kB
Slab:              88348 kB
SReclaimable:      43324 kB
SUnreclaim:        45024 kB
KernelStack:       11840 kB
PageTables:        44076 kB
NFS_Unstable:          0 kB
Bounce:                0 kB
WritebackTmp:          0 kB
CommitLimit:     2986844 kB
Committed_AS:   10413352 kB
VmallocTotal:   34359738367 kB
VmallocUsed:           0 kB
VmallocChunk:          0 kB
HardwareCorrupted:     0 kB
AnonHugePages:   2082816 kB
CmaTotal:              0 kB
CmaFree:               0 kB
HugePages_Total:       0
HugePages_Free:        0
HugePages_Rsvd:        0
HugePages_Surp:        0
Hugepagesize:       2048 kB
DirectMap4k:      163068 kB
DirectMap2M:     5992448 kB


CPU:total 4 (2 cores per cpu, 2 threads per core) family 6 model 42 stepping 7, cmov, cx8, fxsr, mmx, sse, sse2, sse3, ssse3, sse4.1, sse4.2, popcnt, avx, aes, clmul, ht, tsc, tscinvbit

/proc/cpuinfo:
processor	: 0
vendor_id	: GenuineIntel
cpu family	: 6
model		: 42
model name	: Intel(R) Core(TM) i5-2450M CPU @ 2.50GHz
stepping	: 7
microcode	: 0x28
cpu MHz		: 2707.421
cache size	: 3072 KB
physical id	: 0
siblings	: 4
core id		: 0
cpu cores	: 2
apicid		: 0
initial apicid	: 0
fpu		: yes
fpu_exception	: yes
cpuid level	: 13
wp		: yes
flags		: fpu vme de pse tsc msr pae mce cx8 apic sep mtrr pge mca cmov pat pse36 clflush dts acpi mmx fxsr sse sse2 ss ht tm pbe syscall nx rdtscp lm constant_tsc arch_perfmon pebs bts rep_good nopl xtopology nonstop_tsc aperfmperf eagerfpu pni pclmulqdq dtes64 monitor ds_cpl vmx est tm2 ssse3 cx16 xtpr pdcm pcid sse4_1 sse4_2 x2apic popcnt tsc_deadline_timer aes xsave avx lahf_lm epb tpr_shadow vnmi flexpriority ept vpid xsaveopt dtherm ida arat pln pts
bugs		:
bogomips	: 4988.99
clflush size	: 64
cache_alignment	: 64
address sizes	: 36 bits physical, 48 bits virtual
power management:

processor	: 1
vendor_id	: GenuineIntel
cpu family	: 6
model		: 42
model name	: Intel(R) Core(TM) i5-2450M CPU @ 2.50GHz
stepping	: 7
microcode	: 0x28
cpu MHz		: 2675.878
cache size	: 3072 KB
physical id	: 0
siblings	: 4
core id		: 0
cpu cores	: 2
apicid		: 1
initial apicid	: 1
fpu		: yes
fpu_exception	: yes
cpuid level	: 13
wp		: yes
flags		: fpu vme de pse tsc msr pae mce cx8 apic sep mtrr pge mca cmov pat pse36 clflush dts acpi mmx fxsr sse sse2 ss ht tm pbe syscall nx rdtscp lm constant_tsc arch_perfmon pebs bts rep_good nopl xtopology nonstop_tsc aperfmperf eagerfpu pni pclmulqdq dtes64 monitor ds_cpl vmx est tm2 ssse3 cx16 xtpr pdcm pcid sse4_1 sse4_2 x2apic popcnt tsc_deadline_timer aes xsave avx lahf_lm epb tpr_shadow vnmi flexpriority ept vpid xsaveopt dtherm ida arat pln pts
bugs		:
bogomips	: 4988.99
clflush size	: 64
cache_alignment	: 64
address sizes	: 36 bits physical, 48 bits virtual
power management:

processor	: 2
vendor_id	: GenuineIntel
cpu family	: 6
model		: 42
model name	: Intel(R) Core(TM) i5-2450M CPU @ 2.50GHz
stepping	: 7
microcode	: 0x28
cpu MHz		: 2873.535
cache size	: 3072 KB
physical id	: 0
siblings	: 4
core id		: 1
cpu cores	: 2
apicid		: 2
initial apicid	: 2
fpu		: yes
fpu_exception	: yes
cpuid level	: 13
wp		: yes
flags		: fpu vme de pse tsc msr pae mce cx8 apic sep mtrr pge mca cmov pat pse36 clflush dts acpi mmx fxsr sse sse2 ss ht tm pbe syscall nx rdtscp lm constant_tsc arch_perfmon pebs bts rep_good nopl xtopology nonstop_tsc aperfmperf eagerfpu pni pclmulqdq dtes64 monitor ds_cpl vmx est tm2 ssse3 cx16 xtpr pdcm pcid sse4_1 sse4_2 x2apic popcnt tsc_deadline_timer aes xsave avx lahf_lm epb tpr_shadow vnmi flexpriority ept vpid xsaveopt dtherm ida arat pln pts
bugs		:
bogomips	: 4988.99
clflush size	: 64
cache_alignment	: 64
address sizes	: 36 bits physical, 48 bits virtual
power management:

processor	: 3
vendor_id	: GenuineIntel
cpu family	: 6
model		: 42
model name	: Intel(R) Core(TM) i5-2450M CPU @ 2.50GHz
stepping	: 7
microcode	: 0x28
cpu MHz		: 2804.003
cache size	: 3072 KB
physical id	: 0
siblings	: 4
core id		: 1
cpu cores	: 2
apicid		: 3
initial apicid	: 3
fpu		: yes
fpu_exception	: yes
cpuid level	: 13
wp		: yes
flags		: fpu vme de pse tsc msr pae mce cx8 apic sep mtrr pge mca cmov pat pse36 clflush dts acpi mmx fxsr sse sse2 ss ht tm pbe syscall nx rdtscp lm constant_tsc arch_perfmon pebs bts rep_good nopl xtopology nonstop_tsc aperfmperf eagerfpu pni pclmulqdq dtes64 monitor ds_cpl vmx est tm2 ssse3 cx16 xtpr pdcm pcid sse4_1 sse4_2 x2apic popcnt tsc_deadline_timer aes xsave avx lahf_lm epb tpr_shadow vnmi flexpriority ept vpid xsaveopt dtherm ida arat pln pts
bugs		:
bogomips	: 4988.99
clflush size	: 64
cache_alignment	: 64
address sizes	: 36 bits physical, 48 bits virtual
power management:



Memory: 4k page, physical 5973688k(187616k free), swap 0k(0k free)

vm_info: OpenJDK 64-Bit Server VM (25.121-b13) for linux-amd64 JRE (1.8.0_121-8u121-b13-0ubuntu1.16.04.2-b13), built on Jan 23 2017 15:51:29 by "buildd" with gcc 5.4.0 20160609

time: Fri Feb 24 23:26:15 2017
elapsed time: 101 seconds (0d 0h 1m 41s)

